============================================================
NOTEBOOK EXECUTION RUNNER
============================================================

1. Discovering notebooks...
   ✓ Found 817 notebooks

2. Executing notebooks (timeout: 300s per notebook)...
   This may take a while...

[1/817] Course 01/unit1-ai-foundations/examples/01_ai_introduction.ipynb... ✓ (1.1s)
[2/817] Course 01/unit1-ai-foundations/examples/02_ai_history.ipynb... ✓ (0.9s)
[3/817] Course 01/unit1-ai-foundations/examples/03_intelligent_agents_rationality.ipynb... ✓ (0.5s)
[4/817] Course 01/unit1-ai-foundations/examples/04_philosophy_turing_test.ipynb... ✓ (0.7s)
[5/817] Course 01/unit1-ai-foundations/examples/05_adversarial_search_minimax.ipynb... ✓ (0.8s)
[6/817] Course 01/unit1-ai-foundations/examples/06_knowledge_representation.ipynb... ✓ (0.8s)
[7/817] Course 01/unit1-ai-foundations/examples/07_python_basics_for_ai.ipynb... ✓ (0.8s)
[8/817] Course 01/unit1-ai-foundations/examples/08_generative_ai_intro.ipynb... ✓ (0.7s)
[9/817] Course 01/unit1-ai-foundations/examples/09_case_studies_intelligent_agents.ipynb... ✓ (0.7s)
[10/817] Course 01/unit1-ai-foundations/examples/implementing_search_algorithms_uninformed_heuristic_greedy.ipynb... ✗ (0.7s)
     Error: An error occurred while executing the following cell: ------------------ import numpy as np import p...
[11/817] Course 01/unit1-ai-foundations/examples/working_with_numpy_for_data_processing_in_ai_applications.ipynb... ✗ (0.5s)
     Error: An error occurred while executing the following cell: ------------------ import numpy as np import p...
[12/817] Course 01/unit1-ai-foundations/exercises/exercise_01.ipynb... ✓ (1.0s)
[13/817] Course 01/unit1-ai-foundations/solutions/solution_01.ipynb... ✓ (0.7s)
[14/817] Course 01/unit1-introduction/examples/10_implementing_search_algorithms.ipynb... ✓ (0.6s)
[15/817] Course 01/unit1-introduction/examples/10_search_algorithms_uninformed_heuristic.ipynb... ✓ (0.7s)
[16/817] Course 01/unit1-introduction/examples/11_numpy_data_processing.ipynb... ✓ (0.8s)
[17/817] Course 01/unit1-introduction/examples/11_working_with_numpy_data_processing.ipynb... ✓ (0.7s)
[18/817] Course 01/unit2-ai-concepts/examples/01_applied_python_review.ipynb... ✓ (0.7s)
[19/817] Course 01/unit2-ai-concepts/examples/02_encoding_categorical_features.ipynb... ✓ (2.0s)
[20/817] Course 01/unit2-ai-concepts/examples/03_supervised_unsupervised_models.ipynb... ✓ (1.8s)
[21/817] Course 01/unit2-ai-concepts/examples/04_applied_python_review.ipynb... ✓ (0.7s)
[22/817] Course 01/unit2-ai-concepts/examples/04_data_generation_process.ipynb... ✓ (1.1s)
[23/817] Course 01/unit2-ai-concepts/examples/04_implementing_expert_system.ipynb... ✓ (0.6s)
[24/817] Course 01/unit2-ai-concepts/examples/05_implementing_simple_expert_system.ipynb... ✓ (0.7s)
[25/817] Course 01/unit2-ai-concepts/examples/05_working_with_rdf_sparql.ipynb... ✗ (0.7s)
     Error: An error occurred while executing the following cell: ------------------ from rdflib import Graph, N...
[26/817] Course 01/unit2-ai-concepts/examples/06_applying_bayes_theorem.ipynb... ✓ (0.7s)
[27/817] Course 01/unit2-ai-concepts/examples/06_expert_system_python.ipynb... ✓ (0.7s)
[28/817] Course 01/unit2-ai-concepts/examples/06_working_with_rdf_sparql.ipynb... ✗ (0.8s)
     Error: An error occurred while executing the following cell: ------------------ from rdflib import Graph, N...
[29/817] Course 01/unit2-ai-concepts/examples/07_applying_bayes_theorem.ipynb... ✓ (0.7s)
[30/817] Course 01/unit2-ai-concepts/examples/07_bayes_theorem_applications.ipynb... ✓ (0.6s)
[31/817] Course 01/unit2-ai-concepts/examples/08_encoding_categorical_features.ipynb... ✓ (1.3s)
[32/817] Course 01/unit2-ai-concepts/examples/09_supervised_unsupervised_models.ipynb... ✓ (1.5s)
[33/817] Course 01/unit2-ai-concepts/examples/10_data_generation_process.ipynb... ✓ (1.1s)
[34/817] Course 01/unit2-search-algorithms/examples/01_bfs_algorithm.ipynb... ✓ (0.9s)
[35/817] Course 01/unit2-search-algorithms/examples/02_dfs_algorithm.ipynb... ✓ (0.8s)
[36/817] Course 01/unit2-search-algorithms/examples/03_astar_algorithm.ipynb... ✓ (0.8s)
[37/817] Course 01/unit2-search-algorithms/examples/04_expert_systems.ipynb... ✓ (0.6s)
[38/817] Course 01/unit2-search-algorithms/examples/05_bayes_theorem.ipynb... ✓ (0.5s)
[39/817] Course 01/unit2-search-algorithms/examples/06_machine_learning_intro.ipynb... ✗ (1.6s)
     Error: An error occurred while executing the following cell: ------------------ # Method 1: Label Encoding ...
[40/817] Course 01/unit2-search-algorithms/examples/07_rdf_sparql_knowledge_graph.ipynb... ✗ (0.9s)
     Error: An error occurred while executing the following cell: ------------------ # Install required librarie...
[41/817] Course 01/unit2-search-algorithms/exercises/exercise_01.ipynb... ✗ (1.7s)
     Error: An error occurred while executing the following cell: ------------------ """ Unit 2 - Exercise 1: AI...
[42/817] Course 01/unit2-search-algorithms/solutions/solution_01.ipynb... ✓ (0.7s)
[43/817] Course 01/unit3-knowledge-representation/examples/01_knowledge_graph.ipynb... ✓ (0.7s)
[44/817] Course 01/unit3-knowledge-representation/examples/02_rule_based_systems.ipynb... ✓ (0.7s)
[45/817] Course 01/unit3-knowledge-representation/examples/03_expert_systems.ipynb... ✓ (0.7s)
[46/817] Course 01/unit3-knowledge-representation/examples/04_regression_classification.ipynb... ✓ (1.9s)
[47/817] Course 01/unit3-knowledge-representation/examples/05_perceptron_xor.ipynb... ✗ (0.9s)
     Error: An error occurred while executing the following cell: ------------------ import numpy as np import m...
[48/817] Course 01/unit3-knowledge-representation/exercises/exercise_01.ipynb... ✓ (0.5s)
[49/817] Course 01/unit3-knowledge-representation/solutions/solution_01.ipynb... ✓ (0.6s)
[50/817] Course 01/unit3-ml-basics/examples/04_implementing_regression_classification.ipynb... ✓ (1.5s)
[51/817] Course 01/unit3-ml-basics/examples/04_xor_problem_neural_network.ipynb... ✓ (0.5s)
[52/817] Course 01/unit3-ml-basics/examples/05_solving_xor_keras.ipynb... ✗ (0.9s)
     Error: An error occurred while executing the following cell: ------------------ import numpy as np import t...
[53/817] Course 01/unit4-neural-networks/examples/05_single_neuron_activation_functions.ipynb... ✓ (0.9s)
[54/817] Course 01/unit4-neural-networks/examples/06_multiclass_classification_keras.ipynb... ✓ (0.7s)
[55/817] Course 01/unit4-neural-networks/examples/07_cnn_image_classification.ipynb... ✓ (0.6s)
[56/817] Course 01/unit4-neural-networks/examples/08_rnn_lstm_gru_sequential.ipynb... ✓ (0.7s)
[57/817] Course 01/unit4-neural-networks/examples/09_early_stopping_regularization.ipynb... ✓ (0.5s)
[58/817] Course 01/unit4-neural-networks-basics/examples/01_simple_perceptron.ipynb... ✓ (0.7s)
[59/817] Course 01/unit4-neural-networks-basics/examples/02_generative_ai_intro.ipynb... ✓ (0.9s)
[60/817] Course 01/unit4-neural-networks-basics/examples/03_cnn_rnn_architectures.ipynb... ✗ (0.9s)
     Error: An error occurred while executing the following cell: ------------------ import numpy as np from ten...
[61/817] Course 01/unit4-neural-networks-basics/examples/applying_early_stopping_and_regularization_to_prevent_overfitting.ipynb... ✗ (0.7s)
     Error: An error occurred while executing the following cell: ------------------ import numpy as np import p...
[62/817] Course 01/unit4-neural-networks-basics/examples/building_a_multi_class_classification_model_with_keras.ipynb... ✗ (0.8s)
     Error: An error occurred while executing the following cell: ------------------ import numpy as np import p...
[63/817] Course 01/unit4-neural-networks-basics/examples/experimenting_with_rnn_lstm_gru_for_sequential_data.ipynb... ✗ (0.7s)
     Error: An error occurred while executing the following cell: ------------------ import numpy as np import p...
[64/817] Course 01/unit4-neural-networks-basics/examples/implementing_a_cnn_for_image_classification_using_tensorflowkeras.ipynb... ✗ (0.6s)
     Error: An error occurred while executing the following cell: ------------------ import numpy as np import p...
[65/817] Course 01/unit4-neural-networks-basics/examples/implementing_a_single_neuron_with_different_activation_functions_using_python.ipynb... ✗ (0.6s)
     Error: An error occurred while executing the following cell: ------------------ import numpy as np import p...
[66/817] Course 01/unit4-neural-networks-basics/exercises/exercise_01.ipynb... ✗ (0.7s)
     Error: An error occurred while executing the following cell: ------------------ """ Unit 4 - Exercise 1: Ne...
[67/817] Course 01/unit4-neural-networks-basics/solutions/solution_01.ipynb... ✓ (0.7s)
[68/817] Course 01/unit5-generative-ai/examples/04_gan_transformer_generative.ipynb... ✓ (0.6s)
[69/817] Course 01/unit5-generative-ai/examples/05_eda_data_preprocessing_medical.ipynb... ✓ (1.7s)
[70/817] Course 01/unit5-generative-ai/examples/06_feature_scaling_encoding_missing_data.ipynb... ✓ (1.6s)
[71/817] Course 01/unit5-generative-ai-intro/examples/01_generative_ai_introduction.ipynb... ✓ (0.7s)
[72/817] Course 01/unit5-generative-ai-intro/examples/02_generative_vs_discriminative.ipynb... ✓ (1.9s)
[73/817] Course 01/unit5-generative-ai-intro/examples/03_course_summary.ipynb... ✓ (0.6s)
[74/817] Course 01/unit5-generative-ai-intro/examples/04_diabetes_classification_ffnn.ipynb... ✗ (1.8s)
     Error: An error occurred while executing the following cell: ------------------ import numpy as np import p...
[75/817] Course 01/unit5-generative-ai-intro/examples/developing_simple_supervised_and_unsupervised_learning_models.ipynb... ✗ (0.6s)
     Error: An error occurred while executing the following cell: ------------------ import numpy as np import p...
[76/817] Course 01/unit5-generative-ai-intro/examples/eda_and_data_preprocessing_for_medical_datasets.ipynb... ✓ (1.7s)
[77/817] Course 01/unit5-generative-ai-intro/examples/encoding_categorical_features_for_ml_models.ipynb... ✗ (0.7s)
     Error: An error occurred while executing the following cell: ------------------ import numpy as np import p...
[78/817] Course 01/unit5-generative-ai-intro/examples/exploring_the_data_generation_process_using_python_and_pandas.ipynb... ✓ (1.8s)
[79/817] Course 01/unit5-generative-ai-intro/examples/implementing_a_simple_expert_system_using_python.ipynb... ✗ (0.7s)
     Error: An error occurred while executing the following cell: ------------------ import numpy as np import p...
[80/817] Course 01/unit5-generative-ai-intro/examples/implementing_feature_scaling_encoding_and_handling_missing_data_in_a_medical_dat.ipynb... ✗ (0.7s)
     Error: An error occurred while executing the following cell: ------------------ import numpy as np import p...
[81/817] Course 01/unit5-generative-ai-intro/examples/solving_the_xor_problem_using_a_neural_network_in_keras.ipynb... ✗ (0.6s)
     Error: An error occurred while executing the following cell: ------------------ import numpy as np import p...
[82/817] Course 01/unit5-generative-ai-intro/exercises/01_generative_ai_exercise.ipynb... ✓ (0.8s)
[83/817] Course 01/unit5-generative-ai-intro/solutions/01_generative_ai_solution.ipynb... ✓ (0.8s)
[84/817] Course 02/EXERCISES/SOLUTIONS/exercise_01_search_algorithms_solution.ipynb... ✓ (0.6s)
[85/817] Course 02/EXERCISES/SOLUTIONS/exercise_02_knowledge_representation_solution.ipynb... ✓ (0.7s)
[86/817] Course 02/EXERCISES/SOLUTIONS/exercise_03_probability_and_uncertainty_solution.ipynb... ✓ (0.7s)
[87/817] Course 02/EXERCISES/SOLUTIONS/exercise_04_optimization_techniques_solution.ipynb... ✓ (0.7s)
[88/817] Course 02/EXERCISES/SOLUTIONS/exercise_05_machine_learning_models_solution.ipynb... ✓ (0.6s)
[89/817] Course 02/EXERCISES/exercise_01_search_algorithms.ipynb... ✓ (0.7s)
[90/817] Course 02/EXERCISES/exercise_02_knowledge_representation.ipynb... ✓ (0.7s)
[91/817] Course 02/EXERCISES/exercise_03_probability_and_uncertainty.ipynb... ✓ (0.6s)
[92/817] Course 02/EXERCISES/exercise_04_optimization_techniques.ipynb... ✓ (0.7s)
[93/817] Course 02/EXERCISES/exercise_05_machine_learning_models.ipynb... ✓ (0.7s)
[94/817] Course 02/NOTEBOOKS/00_Python_Libraries_for_AI.ipynb... ✓ (9.5s)
[95/817] Course 02/NOTEBOOKS/01_Introduction_Search_Algorithms.ipynb... ✓ (1.2s)
[96/817] Course 02/NOTEBOOKS/02_Knowledge_Representation.ipynb... ✓ (1.0s)
[97/817] Course 02/NOTEBOOKS/03_Learning_Under_Uncertainty.ipynb... ✓ (1.4s)
[98/817] Course 02/NOTEBOOKS/04_Optimization_Techniques.ipynb... ✓ (2.2s)
[99/817] Course 02/NOTEBOOKS/05_AI_Learning_Models.ipynb... ✓ (2.3s)
[100/817] Course 02/unit1-search-algorithms/examples/00_Python_Libraries_for_AI.ipynb... ✓ (9.4s)
[101/817] Course 02/unit1-search-algorithms/examples/01_Introduction_Search_Algorithms.ipynb... ✓ (1.2s)
[102/817] Course 02/unit1-search-algorithms/examples/02_real_world_ai_applications.ipynb... ✓ (0.7s)
[103/817] Course 02/unit1-search-algorithms/examples/03_implementing_ai_algorithms.ipynb... ✓ (0.6s)
[104/817] Course 02/unit1-search-algorithms/examples/04_implementing_adversarial_search.ipynb... ✓ (0.7s)
[105/817] Course 02/unit1-search-algorithms/examples/05_ai_learning_methods_research.ipynb... ✓ (0.5s)
[106/817] Course 02/unit1-search-algorithms/examples/ai_learning_methods_and_research.ipynb... ✗ (0.8s)
     Error: An error occurred while executing the following cell: ------------------ import numpy as np import p...
[107/817] Course 02/unit1-search-algorithms/examples/evaluating_ai_models.ipynb... ✗ (0.6s)
     Error: An error occurred while executing the following cell: ------------------ import numpy as np import p...
[108/817] Course 02/unit1-search-algorithms/examples/implementing_adversarial_search.ipynb... ✗ (0.9s)
     Error: An error occurred while executing the following cell: ------------------ import numpy as np import p...
[109/817] Course 02/unit1-search-algorithms/examples/implementing_ai_algorithms.ipynb... ✗ (0.8s)
     Error: An error occurred while executing the following cell: ------------------ import numpy as np import p...
[110/817] Course 02/unit1-search-algorithms/examples/real_world_ai_applications.ipynb... ✗ (0.8s)
     Error: An error occurred while executing the following cell: ------------------ import numpy as np import p...
[111/817] Course 02/unit1-search-algorithms/exercises/exercise_01_search_algorithms.ipynb... ✓ (0.7s)
[112/817] Course 02/unit2-knowledge-representation/examples/02_Knowledge_Representation.ipynb... ✓ (0.9s)
[113/817] Course 02/unit2-knowledge-representation/examples/03_propositional_logic_truth_tables.ipynb... ✓ (1.0s)
[114/817] Course 02/unit2-knowledge-representation/examples/04_inference_rules_logical_reasoning.ipynb... ✓ (0.5s)
[115/817] Course 02/unit2-knowledge-representation/examples/05_first_order_logic_fol.ipynb... ✓ (0.7s)
[116/817] Course 02/unit2-knowledge-representation/examples/06_logical_operators_implementation.ipynb... ✓ (0.7s)
[117/817] Course 02/unit2-knowledge-representation/examples/07_logical_arguments_validation.ipynb... ✓ (0.8s)
[118/817] Course 02/unit2-knowledge-representation/examples/08_model_checking_temporal_logic.ipynb... ✓ (0.8s)
[119/817] Course 02/unit2-knowledge-representation/examples/09_fol_parsing_evaluation.ipynb... ✓ (0.7s)
[120/817] Course 02/unit2-knowledge-representation/examples/building_logical_arguments_and_validating_them_programmatically.ipynb... ✗ (0.7s)
     Error: An error occurred while executing the following cell: ------------------ import numpy as np import p...
[121/817] Course 02/unit2-knowledge-representation/examples/implementing_logical_operators_and_or_not_implies_biconditional.ipynb... ✗ (0.6s)
     Error: An error occurred while executing the following cell: ------------------ import numpy as np import p...
[122/817] Course 02/unit2-knowledge-representation/examples/implementing_model_checking_algorithms_for_temporal_logic.ipynb... ✗ (0.5s)
     Error: An error occurred while executing the following cell: ------------------ import numpy as np import p...
[123/817] Course 02/unit2-knowledge-representation/examples/writing_code_to_parse_and_evaluate_fol_formulas.ipynb... ✗ (0.7s)
     Error: An error occurred while executing the following cell: ------------------ import numpy as np import p...
[124/817] Course 02/unit2-knowledge-representation/exercises/exercise_02_knowledge_representation.ipynb... ✓ (0.6s)
[125/817] Course 02/unit3-learning-under-uncertainty/examples/02_bayesian_networks.ipynb... ✓ (0.6s)
[126/817] Course 02/unit3-learning-under-uncertainty/examples/03_Learning_Under_Uncertainty.ipynb... ✓ (1.6s)
[127/817] Course 02/unit3-learning-under-uncertainty/examples/03_hmm_viterbi.ipynb... ✓ (0.8s)
[128/817] Course 02/unit3-learning-under-uncertainty/examples/04_mdp_value_iteration.ipynb... ✓ (0.6s)
[129/817] Course 02/unit3-learning-under-uncertainty/exercises/exercise_03_probability_and_uncertainty.ipynb... ✓ (0.5s)
[130/817] Course 02/unit4-optimization-techniques/examples/03_gradient_descent_variants.ipynb... ✓ (0.6s)
[131/817] Course 02/unit4-optimization-techniques/examples/04_Optimization_Techniques.ipynb... ✓ (2.2s)
[132/817] Course 02/unit4-optimization-techniques/examples/04_advanced_optimizers_adam_rmsprop.ipynb... ✓ (0.7s)
[133/817] Course 02/unit4-optimization-techniques/examples/applying_advanced_optimizers_adam_rmsprop_in_neural_networks.ipynb... ✗ (0.7s)
     Error: An error occurred while executing the following cell: ------------------ import numpy as np import p...
[134/817] Course 02/unit4-optimization-techniques/examples/comparing_different_optimization_algorithms_on_real_datasets.ipynb... ✗ (0.8s)
     Error: An error occurred while executing the following cell: ------------------ import numpy as np import p...
[135/817] Course 02/unit4-optimization-techniques/examples/implementing_bayesian_optimization_for_hyperparameter_search.ipynb... ✗ (0.7s)
     Error: An error occurred while executing the following cell: ------------------ import numpy as np import p...
[136/817] Course 02/unit4-optimization-techniques/examples/implementing_gradient_descent_algorithms_batch_stochastic_mini_batch.ipynb... ✗ (0.7s)
     Error: An error occurred while executing the following cell: ------------------ import numpy as np import p...
[137/817] Course 02/unit4-optimization-techniques/examples/implementing_regularization_techniques_l1_l2_dropout_early_stopping.ipynb... ✗ (0.6s)
     Error: An error occurred while executing the following cell: ------------------ import numpy as np import p...
[138/817] Course 02/unit4-optimization-techniques/examples/performing_hyperparameter_tuning_using_grid_search_and_random_search.ipynb... ✗ (0.8s)
     Error: An error occurred while executing the following cell: ------------------ import numpy as np import p...
[139/817] Course 02/unit4-optimization-techniques/examples/using_cross_validation_to_select_optimal_hyperparameters.ipynb... ✗ (0.8s)
     Error: An error occurred while executing the following cell: ------------------ import numpy as np import p...
[140/817] Course 02/unit4-optimization-techniques/exercises/exercise_04_optimization_techniques.ipynb... ✓ (0.7s)
[141/817] Course 02/unit5-ai-learning-models/examples/03_neural_network_architectures.ipynb... ✓ (0.8s)
[142/817] Course 02/unit5-ai-learning-models/examples/04_transfer_learning_pretrained.ipynb... ✓ (0.7s)
[143/817] Course 02/unit5-ai-learning-models/examples/05_AI_Learning_Models.ipynb... ✓ (2.7s)
[144/817] Course 02/unit5-ai-learning-models/examples/05_model_evaluation_comparison.ipynb... ✓ (1.0s)
[145/817] Course 02/unit5-ai-learning-models/examples/applying_transfer_learning_with_pre_trained_models_vgg_resnet_bert.ipynb... ✗ (1.1s)
     Error: An error occurred while executing the following cell: ------------------ import numpy as np import p...
[146/817] Course 02/unit5-ai-learning-models/examples/building_simple_apis_for_model_serving_flask_fastapi.ipynb... ✗ (0.8s)
     Error: An error occurred while executing the following cell: ------------------ import numpy as np import p...
[147/817] Course 02/unit5-ai-learning-models/examples/fine_tuning_pre_trained_models_for_domain_specific_tasks.ipynb... ✗ (0.6s)
     Error: An error occurred while executing the following cell: ------------------ import numpy as np import p...
[148/817] Course 02/unit5-ai-learning-models/examples/implementing_different_neural_network_architectures_feedforward_cnn_rnn.ipynb... ✗ (0.8s)
     Error: An error occurred while executing the following cell: ------------------ import numpy as np import p...
[149/817] Course 02/unit5-ai-learning-models/examples/implementing_model_selection_techniques.ipynb... ✗ (0.7s)
     Error: An error occurred while executing the following cell: ------------------ import numpy as np import p...
[150/817] Course 02/unit5-ai-learning-models/examples/introduction_to_reinforcement_learning_setting_up_environments_and_agents.ipynb... ✗ (1.1s)
     Error: An error occurred while executing the following cell: ------------------ import numpy as np import p...
[151/817] Course 02/unit5-ai-learning-models/examples/performing_model_evaluation_and_comparison_using_cross_validation.ipynb... ✗ (0.6s)
     Error: An error occurred while executing the following cell: ------------------ import numpy as np import p...
[152/817] Course 02/unit5-ai-learning-models/examples/serializing_and_saving_models_for_deployment.ipynb... ✗ (0.6s)
     Error: An error occurred while executing the following cell: ------------------ import numpy as np import p...
[153/817] Course 02/unit5-ai-learning-models/examples/working_on_end_to_end_projects_integrating_multiple_ai_techniques.ipynb... ✗ (0.8s)
     Error: An error occurred while executing the following cell: ------------------ import numpy as np import p...
[154/817] Course 02/unit5-ai-learning-models/exercises/exercise_05_machine_learning_models.ipynb... ✓ (0.8s)
[155/817] Course 02/unit5-ai-learning-models/solutions/exercise_01_search_algorithms_solution.ipynb... ✓ (0.7s)
[156/817] Course 02/unit5-ai-learning-models/solutions/exercise_02_knowledge_representation_solution.ipynb... ✓ (0.7s)
[157/817] Course 02/unit5-ai-learning-models/solutions/exercise_03_probability_and_uncertainty_solution.ipynb... ✓ (0.8s)
[158/817] Course 02/unit5-ai-learning-models/solutions/exercise_04_optimization_techniques_solution.ipynb... ✓ (0.7s)
[159/817] Course 02/unit5-ai-learning-models/solutions/exercise_05_machine_learning_models_solution.ipynb... ✓ (0.7s)
[160/817] Course 03/modules/module_01/examples/01_vectors_matrices_basics.ipynb... ✓ (0.8s)
[161/817] Course 03/modules/module_01/examples/02_matrix_operations.ipynb... ✓ (0.9s)
[162/817] Course 03/modules/module_01/examples/03_eigenvalues_eigenvectors.ipynb... ✓ (0.8s)
[163/817] Course 03/modules/module_01/exercises/exercise_01.ipynb... ✗ (0.8s)
     Error: An error occurred while executing the following cell: ------------------ if __name__ == "__main__": ...
[164/817] Course 03/modules/module_01/exercises/exercise_02.ipynb... ✗ (0.7s)
     Error: An error occurred while executing the following cell: ------------------ if __name__ == "__main__": ...
[165/817] Course 03/modules/module_01/notebook_01_why_how_after.ipynb... ✓ (0.8s)
[166/817] Course 03/modules/module_01/scripts/utils.ipynb... ✗ (0.7s)
     Error: An error occurred while executing the following cell: ------------------ """Utility functions for Mo...
[167/817] Course 03/modules/module_01/solutions/solution_01.ipynb... ✓ (0.7s)
[168/817] Course 03/modules/module_01/solutions/solution_02.ipynb... ✓ (0.6s)
[169/817] Course 03/modules/module_02/examples/01_derivatives_basics.ipynb... ✓ (0.9s)
[170/817] Course 03/modules/module_02/examples/02_gradients_multivariable.ipynb... ✓ (1.0s)
[171/817] Course 03/modules/module_02/examples/03_gradient_descent.ipynb... ✓ (0.9s)
[172/817] Course 03/modules/module_02/exercises/exercise_01.ipynb... ✗ (0.7s)
     Error: An error occurred while executing the following cell: ------------------ import numpy as np from sci...
[173/817] Course 03/modules/module_02/exercises/exercise_02.ipynb... ✗ (0.9s)
     Error: An error occurred while executing the following cell: ------------------ if __name__ == "__main__": ...
[174/817] Course 03/modules/module_02/notebook_02_why_how_after.ipynb... ✗ (1.1s)
     Error: An error occurred while executing the following cell: ------------------ # Example: Basic Calculus O...
[175/817] Course 03/modules/module_02/scripts/utils.ipynb... ✗ (0.6s)
     Error: An error occurred while executing the following cell: ------------------ """Utility functions for Mo...
[176/817] Course 03/modules/module_02/solutions/solution_01.ipynb... ✓ (0.9s)
[177/817] Course 03/modules/module_02/solutions/solution_02.ipynb... ✓ (0.7s)
[178/817] Course 03/modules/module_03/examples/01_optimizers_comparison.ipynb... ✓ (0.9s)
[179/817] Course 03/modules/module_03/examples/02_loss_functions.ipynb... ✓ (1.0s)
[180/817] Course 03/modules/module_03/examples/03_statistical_measures.ipynb... ✓ (0.8s)
[181/817] Course 03/modules/module_03/exercises/exercise_01.ipynb... ✗ (0.8s)
     Error: An error occurred while executing the following cell: ------------------ if __name__ == "__main__": ...
[182/817] Course 03/modules/module_03/exercises/exercise_02.ipynb... ✗ (0.8s)
     Error: An error occurred while executing the following cell: ------------------ if __name__ == "__main__": ...
[183/817] Course 03/modules/module_03/notebook_03_why_how_after.ipynb... ✓ (1.3s)
[184/817] Course 03/modules/module_03/scripts/utils.ipynb... ✗ (0.8s)
     Error: An error occurred while executing the following cell: ------------------ """Utility functions for Mo...
[185/817] Course 03/modules/module_03/solutions/solution_01.ipynb... ✓ (0.7s)
[186/817] Course 03/modules/module_03/solutions/solution_02.ipynb... ✓ (0.5s)
[187/817] Course 03/modules/module_04/examples/01_pca_implementation.ipynb... ✓ (1.8s)
[188/817] Course 03/modules/module_04/examples/02_curse_dimensionality.ipynb... ✓ (0.9s)
[189/817] Course 03/modules/module_04/examples/03_feature_selection.ipynb... ✓ (1.0s)
[190/817] Course 03/modules/module_04/exercises/exercise_01.ipynb... ✗ (0.9s)
     Error: An error occurred while executing the following cell: ------------------ if __name__ == "__main__": ...
[191/817] Course 03/modules/module_04/notebook_04_why_how_after.ipynb... ✓ (2.1s)
[192/817] Course 03/modules/module_04/scripts/utils.ipynb... ✗ (0.7s)
     Error: An error occurred while executing the following cell: ------------------ """Utility functions for Mo...
[193/817] Course 03/modules/module_04/solutions/solution_01.ipynb... ✓ (0.6s)
[194/817] Course 03/modules/module_05/examples/01_probability_distributions.ipynb... ✓ (0.8s)
[195/817] Course 03/modules/module_05/examples/02_statistical_inference.ipynb... ✓ (0.9s)
[196/817] Course 03/modules/module_05/examples/03_bayesian_inference.ipynb... ✓ (1.3s)
[197/817] Course 03/modules/module_05/exercises/exercise_01.ipynb... ✗ (1.3s)
     Error: An error occurred while executing the following cell: ------------------ if __name__ == "__main__": ...
[198/817] Course 03/modules/module_05/notebook_05_why_how_after.ipynb... ✗ (2.8s)
     Error: An error occurred while executing the following cell: ------------------ # Example: Analyzing Result...
[199/817] Course 03/modules/module_05/scripts/utils.ipynb... ✗ (0.6s)
     Error: An error occurred while executing the following cell: ------------------ """Utility functions for Mo...
[200/817] Course 03/modules/module_05/solutions/solution_01.ipynb... ✓ (0.8s)
[201/817] Course 03/unit1-linear-algebra/examples/01_vectors_matrices_basics.ipynb... ✓ (0.9s)
[202/817] Course 03/unit1-linear-algebra/examples/02_matrix_operations.ipynb... ✓ (0.9s)
[203/817] Course 03/unit1-linear-algebra/examples/03_eigenvalues_eigenvectors.ipynb... ✓ (1.0s)
[204/817] Course 03/unit1-linear-algebra/examples/04_substitution_elimination_linear_equations.ipynb... ✓ (1.4s)
[205/817] Course 03/unit1-linear-algebra/examples/05_determinants_inverse_matrices.ipynb... ✓ (0.8s)
[206/817] Course 03/unit1-linear-algebra/examples/06_transformation_matrices_orthogonal_basis.ipynb... ✗ (1.4s)
     Error: An error occurred while executing the following cell: ------------------ print("\n" + "=" * 60) prin...
[207/817] Course 03/unit1-linear-algebra/examples/07_eigenvalue_analysis_large_matrices.ipynb... ✓ (2.1s)
[208/817] Course 03/unit1-linear-algebra/examples/08_ml_parameter_experiments.ipynb... ✓ (2.0s)
[209/817] Course 03/unit1-linear-algebra/examples/computing_determinants_and_inverse_matrices_computationally.ipynb... ✗ (0.6s)
     Error: An error occurred while executing the following cell: ------------------ import numpy as np import p...
[210/817] Course 03/unit1-linear-algebra/examples/experimenting_with_changes_in_ml_model_parameters_and_observing_changes_in_model.ipynb... ✗ (0.7s)
     Error: An error occurred while executing the following cell: ------------------ import numpy as np import p...
[211/817] Course 03/unit1-linear-algebra/examples/implementing_substitutionelimination_techniques_for_solving_linear_equations.ipynb... ✗ (0.6s)
     Error: An error occurred while executing the following cell: ------------------ import numpy as np import p...
[212/817] Course 03/unit1-linear-algebra/examples/performing_vector_and_matrix_operations_using_pythonnumpy.ipynb... ✗ (0.8s)
     Error: An error occurred while executing the following cell: ------------------ import numpy as np import p...
[213/817] Course 03/unit1-linear-algebra/examples/solving_eigenvalue_problems_programmatically_and_applying_eigenvalue_analysis_on.ipynb... ✗ (0.7s)
     Error: An error occurred while executing the following cell: ------------------ import numpy as np import p...
[214/817] Course 03/unit1-linear-algebra/examples/writing_code_to_apply_transformation_matrices_and_compute_orthogonal_basis_sets.ipynb... ✗ (0.8s)
     Error: An error occurred while executing the following cell: ------------------ import numpy as np import p...
[215/817] Course 03/unit2-calculus/examples/01_derivatives_basics.ipynb... ✓ (1.0s)
[216/817] Course 03/unit2-calculus/examples/02_gradients_multivariable.ipynb... ✓ (0.8s)
[217/817] Course 03/unit2-calculus/examples/03_gradient_descent.ipynb... ✓ (0.8s)
[218/817] Course 03/unit2-calculus/examples/04_backpropagation_neural_networks.ipynb... ✓ (1.2s)
[219/817] Course 03/unit2-calculus/examples/05_function_approximation_ml.ipynb... ✗ (1.9s)
     Error: An error occurred while executing the following cell: ------------------ print("=" * 60) print("Part...
[220/817] Course 03/unit2-calculus/examples/applying_function_approximation_on_real_world_ml_models.ipynb... ✗ (0.9s)
     Error: An error occurred while executing the following cell: ------------------ import numpy as np import p...
[221/817] Course 03/unit2-calculus/examples/implementing_gradient_computations_for_multivariate_functions.ipynb... ✗ (0.6s)
     Error: An error occurred while executing the following cell: ------------------ import numpy as np import p...
[222/817] Course 03/unit2-calculus/examples/programming_backpropagation_in_neural_networks_using_differentiation_techniques.ipynb... ✗ (0.8s)
     Error: An error occurred while executing the following cell: ------------------ import numpy as np import p...
[223/817] Course 03/unit2-calculus/examples/solving_differentiation_problems_using_symbolic_computation_tools.ipynb... ✗ (0.7s)
     Error: An error occurred while executing the following cell: ------------------ import numpy as np import p...
[224/817] Course 03/unit3-optimization/examples/01_optimizers_comparison.ipynb... ✓ (1.0s)
[225/817] Course 03/unit3-optimization/examples/02_loss_functions.ipynb... ✓ (0.9s)
[226/817] Course 03/unit3-optimization/examples/03_statistical_measures.ipynb... ✓ (1.0s)
[227/817] Course 03/unit3-optimization/examples/04_regression_real_datasets.ipynb... ✗ (1.9s)
     Error: An error occurred while executing the following cell: ------------------ import numpy as np import p...
[228/817] Course 03/unit3-optimization/examples/05_image_similarity_measures.ipynb... ✓ (1.8s)
[229/817] Course 03/unit3-optimization/examples/applying_regression_techniques_to_fit_models_on_real_datasets.ipynb... ✗ (0.7s)
     Error: An error occurred while executing the following cell: ------------------ import numpy as np import p...
[230/817] Course 03/unit3-optimization/examples/implementing_gradient_descent_for_optimization_problems.ipynb... ✗ (0.8s)
     Error: An error occurred while executing the following cell: ------------------ import numpy as np import p...
[231/817] Course 03/unit3-optimization/examples/implementing_projection_and_dimensionality_reduction_techniques_in_ml.ipynb... ✓ (2.0s)
[232/817] Course 03/unit3-optimization/examples/representing_images_as_vectors_and_computing_angles_and_distances_between_them.ipynb... ✗ (0.7s)
     Error: An error occurred while executing the following cell: ------------------ import numpy as np import p...
[233/817] Course 03/unit3-optimization/examples/writing_code_to_compute_basic_statistical_properties_of_datasets.ipynb... ✗ (0.6s)
     Error: An error occurred while executing the following cell: ------------------ import numpy as np import p...
[234/817] Course 03/unit4-dimensionality-reduction/examples/01_pca_implementation.ipynb... ✓ (1.6s)
[235/817] Course 03/unit4-dimensionality-reduction/examples/02_curse_dimensionality.ipynb... ✓ (1.0s)
[236/817] Course 03/unit4-dimensionality-reduction/examples/03_feature_selection.ipynb... ✓ (0.9s)
[237/817] Course 03/unit4-dimensionality-reduction/examples/04_svd_implementation.ipynb... ✓ (1.6s)
[238/817] Course 03/unit4-dimensionality-reduction/examples/05_tsne_visualization.ipynb... ✓ (2.6s)
[239/817] Course 03/unit4-dimensionality-reduction/examples/06_dimensionality_reduction_real_world_datasets.ipynb... ✓ (9.9s)
[240/817] Course 03/unit4-dimensionality-reduction/examples/implementing_pca_using_python_for_dimensionality_reduction_of_datasets.ipynb... ✓ (1.9s)
[241/817] Course 03/unit4-dimensionality-reduction/examples/writing_code_to_apply_these_dimensionality_reduction_techniques_on_real_world_da.ipynb... ✓ (1.8s)
[242/817] Course 03/unit5-probability/examples/01_probability_distributions.ipynb... ✓ (0.8s)
[243/817] Course 03/unit5-probability/examples/02_statistical_inference.ipynb... ✓ (0.7s)
[244/817] Course 03/unit5-probability/examples/03_bayesian_inference.ipynb... ✓ (1.2s)
[245/817] Course 03/unit5-probability/examples/04_central_limit_theorem_simulations.ipynb... ✓ (1.9s)
[246/817] Course 03/unit5-probability/examples/05_sampling_point_estimation.ipynb... ✓ (1.7s)
[247/817] Course 03/unit5-probability/examples/06_maximum_likelihood_estimation.ipynb... ✗ (1.6s)
     Error: An error occurred while executing the following cell: ------------------ print("\n" + "=" * 60) prin...
[248/817] Course 03/unit5-probability/examples/07_hypothesis_testing_procedures.ipynb... ✓ (1.4s)
[249/817] Course 03/unit5-probability/examples/08_pvalues_confidence_intervals.ipynb... ✓ (1.3s)
[250/817] Course 03/unit5-probability/examples/09_probability_ml_connections.ipynb... ✓ (2.1s)
[251/817] Course 03/unit5-probability/examples/applying_central_limit_theorem_with_simulations.ipynb... ✗ (0.5s)
     Error: An error occurred while executing the following cell: ------------------ import numpy as np import p...
[252/817] Course 03/unit5-probability/examples/computing_p_values_and_confidence_intervals.ipynb... ✗ (0.7s)
     Error: An error occurred while executing the following cell: ------------------ import numpy as np import p...
[253/817] Course 03/unit5-probability/examples/connecting_probability_theory_to_ml_model_implementations.ipynb... ✗ (0.7s)
     Error: An error occurred while executing the following cell: ------------------ import numpy as np import p...
[254/817] Course 03/unit5-probability/examples/implementing_hypothesis_testing_procedures.ipynb... ✗ (0.6s)
     Error: An error occurred while executing the following cell: ------------------ import numpy as np import p...
[255/817] Course 03/unit5-probability/examples/implementing_maximum_likelihood_estimation_mle_for_different_distributions.ipynb... ✗ (0.7s)
     Error: An error occurred while executing the following cell: ------------------ import numpy as np import p...
[256/817] Course 03/unit5-probability/examples/performing_sampling_and_point_estimation.ipynb... ✗ (0.5s)
     Error: An error occurred while executing the following cell: ------------------ import numpy as np import p...
[257/817] Course 04/unit1-data-processing/examples/01_data_loading_exploration.ipynb... ✗ (2.3s)
     Error: An error occurred while executing the following cell: ------------------ # Load real-world US Crime ...
[258/817] Course 04/unit1-data-processing/examples/02_data_cleaning.ipynb... ✓ (2.3s)
[259/817] Course 04/unit1-data-processing/examples/03_data_preprocessing.ipynb... ✗ (2.3s)
     Error: An error occurred while executing the following cell: ------------------ # Load real-world Credit Ca...
[260/817] Course 04/unit1-data-processing/examples/04_linear_regression.ipynb... ✗ (2.5s)
     Error: An error occurred while executing the following cell: ------------------ # Load Credit Card Fraud da...
[261/817] Course 04/unit1-data-processing/examples/05_polynomial_regression.ipynb... ✗ (179.1s)
     Error: An error occurred while executing the following cell: ------------------ # 9. Visualizing the Bias-V...
[262/817] Course 04/unit1-data-processing/examples/06_ridge_lasso_regression.ipynb... ✓ (2.1s)
[263/817] Course 04/unit1-data-processing/examples/07_svr_decision_tree_regression.ipynb... ✓ (2.0s)
[264/817] Course 04/unit1-data-processing/examples/comparing_regression_algorithms_on_real_datasets.ipynb... ✗ (0.8s)
     Error: An error occurred while executing the following cell: ------------------ import numpy as np import p...
[265/817] Course 04/unit1-data-processing/examples/implementing_decision_tree_and_random_forest_regression.ipynb... ✗ (0.6s)
     Error: An error occurred while executing the following cell: ------------------ import numpy as np import p...
[266/817] Course 04/unit1-data-processing/examples/visualizing_regression_results_and_residuals.ipynb... ✗ (0.5s)
     Error: An error occurred while executing the following cell: ------------------ import numpy as np import p...
[267/817] Course 04/unit1-data-processing/exercises/exercise_01.ipynb... ✗ (1.5s)
     Error: An error occurred while executing the following cell: ------------------ # Sample dataset - Sales da...
[268/817] Course 04/unit1-data-processing/exercises/exercise_02.ipynb... ✗ (1.8s)
     Error: An error occurred while executing the following cell: ------------------ # Generate sample housing d...
[269/817] Course 04/unit1-data-processing/exercises/exercise_03_polynomial_regression.ipynb... ✓ (1.9s)
[270/817] Course 04/unit1-data-processing/exercises/exercise_04_data_preprocessing.ipynb... ✓ (1.7s)
[271/817] Course 04/unit1-data-processing/solutions/solution_01.ipynb... ✗ (0.8s)
     Error: An error occurred while executing the following cell: ------------------ import pandas as pdimport n...
[272/817] Course 04/unit1-data-processing/solutions/solution_02.ipynb... ✗ (0.7s)
     Error: An error occurred while executing the following cell: ------------------ import pandas as pdimport n...
[273/817] Course 04/unit1-data-processing/solutions/solution_03_polynomial_regression.ipynb... ✓ (0.6s)
[274/817] Course 04/unit1-data-processing/solutions/solution_04_data_preprocessing.ipynb... ✓ (1.8s)
[275/817] Course 04/unit2-regression/examples/01_ridge_lasso_regression.ipynb... ✗ (1.9s)
     Error: An error occurred while executing the following cell: ------------------ # Data summary comes first ...
[276/817] Course 04/unit2-regression/examples/02_cross_validation.ipynb... ✓ (2.8s)
[277/817] Course 04/unit2-regression/examples/03_bias_variance_learning_curves.ipynb... ✓ (5.9s)
[278/817] Course 04/unit2-regression/examples/04_regression_evaluation_metrics.ipynb... ✓ (4.0s)
[279/817] Course 04/unit2-regression/examples/05_leave_one_out_stratified_cv.ipynb... ✓ (1.5s)
[280/817] Course 04/unit2-regression/examples/06_overfitting_underfitting_handling.ipynb... ✓ (1.8s)
[281/817] Course 04/unit2-regression/examples/07_optimal_model_complexity.ipynb... ✓ (1.6s)
[282/817] Course 04/unit2-regression/examples/08_comparing_model_performance.ipynb... ✓ (1.8s)
[283/817] Course 04/unit2-regression/examples/08_decision_tree_random_forest_regression.ipynb... ✓ (1.8s)
[284/817] Course 04/unit2-regression/examples/09_comparing_regression_algorithms.ipynb... ✓ (1.8s)
[285/817] Course 04/unit2-regression/examples/10_visualizing_regression_results_residuals.ipynb... ✓ (1.8s)
[286/817] Course 04/unit2-regression/examples/comparing_model_performance_across_different_algorithms.ipynb... ✗ (0.6s)
     Error: An error occurred while executing the following cell: ------------------ import numpy as np import p...
[287/817] Course 04/unit2-regression/examples/computing_regression_evaluation_metrics_mse_rmse_mae_r².ipynb... ✗ (0.7s)
     Error: An error occurred while executing the following cell: ------------------ import numpy as np import p...
[288/817] Course 04/unit2-regression/examples/identifying_and_handling_overfittingunderfitting.ipynb... ✗ (0.5s)
     Error: An error occurred while executing the following cell: ------------------ import numpy as np import p...
[289/817] Course 04/unit2-regression/examples/performing_leave_one_out_and_stratified_cross_validation.ipynb... ✗ (0.7s)
     Error: An error occurred while executing the following cell: ------------------ import numpy as np import p...
[290/817] Course 04/unit2-regression/examples/selecting_optimal_model_complexity_using_validation_sets.ipynb... ✗ (0.6s)
     Error: An error occurred while executing the following cell: ------------------ import numpy as np import p...
[291/817] Course 04/unit2-regression/exercises/exercise_01.ipynb... ✗ (1.9s)
     Error: An error occurred while executing the following cell: ------------------ np.random.seed(42)n_samples...
[292/817] Course 04/unit2-regression/exercises/exercise_02_cross_validation.ipynb... ✓ (1.8s)
[293/817] Course 04/unit2-regression/solutions/solution_01.ipynb... ✗ (0.7s)
     Error: An error occurred while executing the following cell: ------------------ import pandas as pdimport n...
[294/817] Course 04/unit2-regression/solutions/solution_02_cross_validation.ipynb... ✓ (0.6s)
[295/817] Course 04/unit3-classification/examples/01_logistic_regression.ipynb... ✗ (2.2s)
     Error: An error occurred while executing the following cell: ------------------ # Load Credit Card Fraud da...
[296/817] Course 04/unit3-classification/examples/02_decision_trees.ipynb... ✗ (2.5s)
     Error: An error occurred while executing the following cell: ------------------ # Load real-world Titanic d...
[297/817] Course 04/unit3-classification/examples/03_svm.ipynb... ✗ (2.2s)
     Error: An error occurred while executing the following cell: ------------------ # Demonstrate SVM's optimal...
[298/817] Course 04/unit3-classification/examples/04_knn.ipynb... ✗ (2.3s)
     Error: An error occurred while executing the following cell: ------------------ # Load the Credit Card Frau...
[299/817] Course 04/unit3-classification/examples/05_random_forest_naive_bayes.ipynb... ✓ (1.9s)
[300/817] Course 04/unit3-classification/examples/06_ensemble_methods_bagging_boosting.ipynb... ✓ (2.2s)
[301/817] Course 04/unit3-classification/examples/07_svm_kernels_comparison.ipynb... ✓ (1.6s)
[302/817] Course 04/unit3-classification/examples/08_classification_evaluation_metrics.ipynb... ✓ (1.7s)
[303/817] Course 04/unit3-classification/examples/evaluating_classification_models_using_confusion_matrices_roc_curves_and_analyzi.ipynb... ✗ (0.8s)
     Error: An error occurred while executing the following cell: ------------------ import numpy as np import p...
[304/817] Course 04/unit3-classification/examples/using_svm_with_different_kernels_linear_polynomial_rbf_to_handle_complex_classif.ipynb... ✗ (0.7s)
     Error: An error occurred while executing the following cell: ------------------ import numpy as np import p...
[305/817] Course 04/unit3-classification/exercises/exercise_01.ipynb... ✗ (0.6s)
     Error: An error occurred while executing the following cell: ------------------ import pandas as pd import ...
[306/817] Course 04/unit3-classification/exercises/exercise_02_logistic_regression.ipynb... ✓ (1.8s)
[307/817] Course 04/unit3-classification/exercises/exercise_03_svm.ipynb... ✓ (1.7s)
[308/817] Course 04/unit3-classification/exercises/exercise_04_knn.ipynb... ✓ (1.8s)
[309/817] Course 04/unit3-classification/solutions/solution_01.ipynb... ✗ (0.7s)
     Error: An error occurred while executing the following cell: ------------------ import pandas as pdimport n...
[310/817] Course 04/unit3-classification/solutions/solution_02_logistic_regression.ipynb... ✓ (0.7s)
[311/817] Course 04/unit3-classification/solutions/solution_03_svm.ipynb... ✓ (0.8s)
[312/817] Course 04/unit3-classification/solutions/solution_04_knn.ipynb... ✓ (0.7s)
[313/817] Course 04/unit4-clustering/examples/01_kmeans_clustering.ipynb... ✗ (2.6s)
     Error: An error occurred while executing the following cell: ------------------ # Display data summary prin...
[314/817] Course 04/unit4-clustering/examples/02_hierarchical_clustering.ipynb... ✓ (3.5s)
[315/817] Course 04/unit4-clustering/examples/03_pca.ipynb... ✓ (3.3s)
[316/817] Course 04/unit4-clustering/examples/04_lda_tsne_umap.ipynb... ✓ (2.4s)
[317/817] Course 04/unit4-clustering/examples/05_elbow_method_silhouette_score.ipynb... ✓ (1.9s)
[318/817] Course 04/unit4-clustering/examples/06_evaluating_clustering_metrics.ipynb... ✓ (1.5s)
[319/817] Course 04/unit4-clustering/examples/evaluating_clustering_models_using_appropriate_metrics.ipynb... ✓ (2.2s)
[320/817] Course 04/unit4-clustering/examples/using_elbow_method_and_silhouette_score_to_determine_optimal_number_of_clusters.ipynb... ✓ (2.1s)
[321/817] Course 04/unit4-clustering/exercises/exercise_01.ipynb... ✗ (1.8s)
     Error: An error occurred while executing the following cell: ------------------ # Generate sample data np.r...
[322/817] Course 04/unit4-clustering/exercises/exercise_02_pca.ipynb... ✓ (1.7s)
[323/817] Course 04/unit4-clustering/solutions/solution_01.ipynb... ✗ (0.6s)
     Error: An error occurred while executing the following cell: ------------------ import pandas as pdimport n...
[324/817] Course 04/unit4-clustering/solutions/solution_02_pca.ipynb... ✓ (0.5s)
[325/817] Course 04/unit5-model-selection/examples/01_grid_search.ipynb... ✓ (59.3s)
[326/817] Course 04/unit5-model-selection/examples/02_boosting.ipynb... ✓ (2.4s)
[327/817] Course 04/unit5-model-selection/examples/03_cross_validation_hyperparameter_tuning.ipynb... ✓ (2.4s)
[328/817] Course 04/unit5-model-selection/examples/04_grid_search_random_search.ipynb... ✓ (2.4s)
[329/817] Course 04/unit5-model-selection/examples/05_comparing_boosting_traditional_methods.ipynb... ✓ (1.7s)
[330/817] Course 04/unit5-model-selection/examples/applying_confusion_matrices_plotting_roc_curves_for_classification_models.ipynb... ✗ (0.7s)
     Error: An error occurred while executing the following cell: ------------------ import numpy as np import p...
[331/817] Course 04/unit5-model-selection/examples/comparing_performance_with_traditional_methods.ipynb... ✗ (0.6s)
     Error: An error occurred while executing the following cell: ------------------ import numpy as np import p...
[332/817] Course 04/unit5-model-selection/examples/evaluating_models_on_real_datasets_using_performance_metrics.ipynb... ✗ (0.6s)
     Error: An error occurred while executing the following cell: ------------------ import numpy as np import p...
[333/817] Course 04/unit5-model-selection/examples/implementing_cross_validation_and_hyperparameter_tuning_using_python.ipynb... ✗ (0.5s)
     Error: An error occurred while executing the following cell: ------------------ import numpy as np import p...
[334/817] Course 04/unit5-model-selection/examples/implementing_final_project_applying_learned_techniques_on_real_dataset_evaluatin.ipynb... ✗ (0.6s)
     Error: An error occurred while executing the following cell: ------------------ import numpy as np import p...
[335/817] Course 04/unit5-model-selection/examples/tuning_models_for_optimal_performance_and_documenting_improvements.ipynb... ✗ (0.6s)
     Error: An error occurred while executing the following cell: ------------------ import numpy as np import p...
[336/817] Course 04/unit5-model-selection/examples/using_grid_search_and_random_search_in_scikit_learn_to_optimize_parameters.ipynb... ✗ (0.8s)
     Error: An error occurred while executing the following cell: ------------------ import numpy as np import p...
[337/817] Course 04/unit5-model-selection/exercises/exercise_01.ipynb... ✗ (1.5s)
     Error: An error occurred while executing the following cell: ------------------ np.random.seed(42)X, y = ma...
[338/817] Course 04/unit5-model-selection/exercises/exercise_02_boosting.ipynb... ✓ (1.7s)
[339/817] Course 04/unit5-model-selection/solutions/solution_01.ipynb... ✗ (0.8s)
     Error: An error occurred while executing the following cell: ------------------ import pandas as pdimport n...
[340/817] Course 04/unit5-model-selection/solutions/solution_02_boosting.ipynb... ✓ (0.7s)
[341/817] Course 05/unit1-introduction/examples/01_data_science_intro.ipynb... ✓ (2.5s)
[342/817] Course 05/unit1-introduction/examples/02_pandas_numpy_basics.ipynb... ✓ (2.2s)
[343/817] Course 05/unit1-introduction/examples/03_cudf_introduction.ipynb... ✓ (1.7s)
[344/817] Course 05/unit1-introduction/examples/04_python_basics_loops_conditions.ipynb... ✓ (0.6s)
[345/817] Course 05/unit1-introduction/examples/05_jupyter_notebooks_best_practices.ipynb... ✓ (0.6s)
[346/817] Course 05/unit1-introduction/examples/06_data_structures_lists_dictionaries.ipynb... ✓ (0.6s)
[347/817] Course 05/unit1-introduction/examples/07_data_science_applications.ipynb... ✓ (1.0s)
[348/817] Course 05/unit1-introduction/examples/data_science_applications_working_on_small_real_world_projects_using_data_scienc.ipynb... ✗ (0.5s)
     Error: An error occurred while executing the following cell: ------------------ import numpy as np import p...
[349/817] Course 05/unit1-introduction/examples/python_programming_executing_python_code_to_solve_basic_tasks_like_arithmetic_op.ipynb... ✗ (0.8s)
     Error: An error occurred while executing the following cell: ------------------ import numpy as np import p...
[350/817] Course 05/unit1-introduction/examples/using_jupyter_notebooks_writing_and_executing_code_in_jupyter_notebooks_combinin.ipynb... ✗ (0.8s)
     Error: An error occurred while executing the following cell: ------------------ import numpy as np import p...
[351/817] Course 05/unit1-introduction/examples/working_with_data_structures_performing_tasks_like_indexing_slicing_and_transfor.ipynb... ✗ (0.7s)
     Error: An error occurred while executing the following cell: ------------------ import numpy as np import p...
[352/817] Course 05/unit1-introduction/exercises/exercise_01.ipynb... ✓ (1.7s)
[353/817] Course 05/unit1-introduction/solutions/solution_01.ipynb... ✓ (1.6s)
[354/817] Course 05/unit2-cleaning/examples/04_data_loading.ipynb... ✓ (1.2s)
[355/817] Course 05/unit2-cleaning/examples/05_feature_transformation_scaling_encoding.ipynb... ✓ (1.3s)
[356/817] Course 05/unit2-cleaning/examples/05_missing_values_duplicates.ipynb... ✓ (2.0s)
[357/817] Course 05/unit2-cleaning/examples/06_eda_visualizations.ipynb... ✓ (1.8s)
[358/817] Course 05/unit2-cleaning/examples/06_outliers_transformation.ipynb... ✓ (2.6s)
[359/817] Course 05/unit2-cleaning/examples/07_cudf_import_export_gpu.ipynb... ✓ (1.0s)
[360/817] Course 05/unit2-cleaning/examples/feature_transformation_transforming_data_eg_scaling_encoding_to_prepare_it_for_a.ipynb... ✗ (0.7s)
     Error: An error occurred while executing the following cell: ------------------ import numpy as np import p...
[361/817] Course 05/unit2-cleaning/examples/performing_eda_visualizing_data_distributions_and_relationships_to_discover_insi.ipynb... ✓ (1.8s)
[362/817] Course 05/unit3-visualization/examples/04_chart_types_matplotlib_seaborn.ipynb... ✓ (1.5s)
[363/817] Course 05/unit3-visualization/examples/05_interactive_visualizations_plotly.ipynb... ✓ (1.0s)
[364/817] Course 05/unit3-visualization/examples/06_customizing_annotating_visualizations.ipynb... ✓ (1.5s)
[365/817] Course 05/unit3-visualization/examples/07_matplotlib_basics.ipynb... ✓ (2.3s)
[366/817] Course 05/unit3-visualization/examples/07_visualization_best_practices.ipynb... ✓ (1.6s)
[367/817] Course 05/unit3-visualization/examples/08_seaborn_plots.ipynb... ✓ (4.1s)
[368/817] Course 05/unit3-visualization/examples/09_plotly_interactive.ipynb... ✓ (1.3s)
[369/817] Course 05/unit3-visualization/examples/applying_visualization_best_practices_for_data_storytelling.ipynb... ✓ (12.1s)
[370/817] Course 05/unit3-visualization/examples/building_interactive_visualizations_and_dashboards_with_plotly.ipynb... ✓ (2.2s)
[371/817] Course 05/unit3-visualization/examples/creating_various_chart_types_using_matplotlib_and_seaborn.ipynb... ✓ (2.2s)
[372/817] Course 05/unit4-ml-intro/examples/05_pandas_data_manipulation.ipynb... ✓ (0.9s)
[373/817] Course 05/unit4-ml-intro/examples/06_data_preparation_ml_tasks.ipynb... ✓ (1.3s)
[374/817] Course 05/unit4-ml-intro/examples/07_implementing_ml_models_scikit_learn.ipynb... ✓ (1.6s)
[375/817] Course 05/unit4-ml-intro/examples/07_implementing_ml_models_sklearn.ipynb... ✓ (1.5s)
[376/817] Course 05/unit4-ml-intro/examples/08_supervised_learning_logistic_regression.ipynb... ✓ (1.4s)
[377/817] Course 05/unit4-ml-intro/examples/09_unsupervised_learning_kmeans.ipynb... ✓ (1.8s)
[378/817] Course 05/unit4-ml-intro/examples/10_hyperparameter_tuning_grid_random_search.ipynb... ✓ (1.6s)
[379/817] Course 05/unit4-ml-intro/examples/10_linear_regression.ipynb... ✓ (2.0s)
[380/817] Course 05/unit4-ml-intro/examples/11_classification.ipynb... ✓ (2.2s)
[381/817] Course 05/unit4-ml-intro/examples/11_real_world_problem_solving.ipynb... ✓ (1.9s)
[382/817] Course 05/unit4-ml-intro/examples/12_model_evaluation.ipynb... Exception ignored in: <function ResourceTracker.__del__ at 0x107d21e40>
Traceback (most recent call last):
  File "/opt/anaconda3/lib/python3.13/multiprocessing/resource_tracker.py", line 82, in __del__
  File "/opt/anaconda3/lib/python3.13/multiprocessing/resource_tracker.py", line 91, in _stop
  File "/opt/anaconda3/lib/python3.13/multiprocessing/resource_tracker.py", line 116, in _stop_locked
ChildProcessError: [Errno 10] No child processes
Exception ignored in: <function ResourceTracker.__del__ at 0x104371e40>
Traceback (most recent call last):
  File "/opt/anaconda3/lib/python3.13/multiprocessing/resource_tracker.py", line 82, in __del__
  File "/opt/anaconda3/lib/python3.13/multiprocessing/resource_tracker.py", line 91, in _stop
  File "/opt/anaconda3/lib/python3.13/multiprocessing/resource_tracker.py", line 116, in _stop_locked
ChildProcessError: [Errno 10] No child processes
Exception ignored in: <function ResourceTracker.__del__ at 0x106471e40>
Traceback (most recent call last):
  File "/opt/anaconda3/lib/python3.13/multiprocessing/resource_tracker.py", line 82, in __del__
  File "/opt/anaconda3/lib/python3.13/multiprocessing/resource_tracker.py", line 91, in _stop
  File "/opt/anaconda3/lib/python3.13/multiprocessing/resource_tracker.py", line 116, in _stop_locked
ChildProcessError: [Errno 10] No child processes
✓ (6.7s)
[383/817] Course 05/unit4-ml-intro/examples/13_cpu_vs_gpu_ml.ipynb... ✓ (2.1s)
[384/817] Course 05/unit4-ml-intro/examples/applying_supervised_learning_algorithms_on_labeled_data_eg_logistic_regression.ipynb... ✗ (0.8s)
     Error: An error occurred while executing the following cell: ------------------ import numpy as np import p...
[385/817] Course 05/unit4-ml-intro/examples/applying_unsupervised_learning_techniques_eg_k_means_clustering_on_unlabeled_dat.ipynb... ✓ (2.1s)
[386/817] Course 05/unit4-ml-intro/examples/cleaning_and_preparing_data_for_ml_tasks_handling_missing_values_encoding_catego.ipynb... ✓ (1.9s)
[387/817] Course 05/unit4-ml-intro/examples/hyperparameter_tuning_using_techniques_like_grid_search_and_random_search.ipynb... ✗ (0.7s)
     Error: An error occurred while executing the following cell: ------------------ import numpy as np import p...
[388/817] Course 05/unit4-ml-intro/examples/implementing_ml_models_using_scikit_learn_library_regression_classification.ipynb... ✗ (0.7s)
     Error: An error occurred while executing the following cell: ------------------ import numpy as np import p...
[389/817] Course 05/unit4-ml-intro/examples/real_world_problem_solving_using_a_mix_of_supervised_and_unsupervised_learning_a.ipynb... ✗ (0.7s)
     Error: An error occurred while executing the following cell: ------------------ import numpy as np import p...
[390/817] Course 05/unit4-ml-intro/examples/working_with_data_using_python_libraries_like_pandas.ipynb... ✓ (1.7s)
[391/817] Course 05/unit5-scaling/examples/14_dask_distributed.ipynb... ✓ (2.2s)
[392/817] Course 05/unit5-scaling/examples/15_rapids_workflows.ipynb... ✓ (2.2s)
[393/817] Course 05/unit5-scaling/examples/16_production_pipelines.ipynb... ✓ (1.8s)
[394/817] Course 05/unit5-scaling/examples/17_performance_optimization.ipynb... ✓ (1.3s)
[395/817] Course 05/unit5-scaling/examples/18_large_datasets.ipynb... ✓ (2.8s)
[396/817] Course 05/unit5-scaling/examples/19_deployment.ipynb... ✓ (1.7s)
[397/817] Course 05/unit5-scaling/examples/accelerated_data_with_gpu_using_rapids_using_rapids_libraries_like_cudf_data_fra.ipynb... ✗ (0.7s)
     Error: An error occurred while executing the following cell: ------------------ import numpy as np import p...
[398/817] Course 06/unit1-ethics-foundations/examples/01_ethical_frameworks.ipynb... ✓ (1.7s)
[399/817] Course 06/unit1-ethics-foundations/examples/02_ethical_decision_making.ipynb... ✓ (1.2s)
[400/817] Course 06/unit1-ethics-foundations/examples/03_case_study_analysis.ipynb... ✗ (1.0s)
     Error: An error occurred while executing the following cell: ------------------ # Step 3: Create visualizat...
[401/817] Course 06/unit1-ethics-foundations/examples/algorithmic_fairness_testing_applying_fairness_metrics_and_interpreting_ai_decis.ipynb... ✗ (0.7s)
     Error: An error occurred while executing the following cell: ------------------ import numpy as np import p...
[402/817] Course 06/unit1-ethics-foundations/examples/case_studies_analysis_investigating_real_ethical_failures_in_ai_systems.ipynb... ✗ (0.7s)
     Error: An error occurred while executing the following cell: ------------------ import numpy as np import p...
[403/817] Course 06/unit1-ethics-foundations/examples/detecting_bias_in_ai_models_identifying_biases_in_datasets_and_algorithms_and_ap.ipynb... ✗ (0.7s)
     Error: An error occurred while executing the following cell: ------------------ import numpy as np import p...
[404/817] Course 06/unit1-ethics-foundations/examples/privacy_simulation_assessing_privacy_risks_in_ai_applications.ipynb... ✗ (0.7s)
     Error: An error occurred while executing the following cell: ------------------ import numpy as np import p...
[405/817] Course 06/unit1-ethics-foundations/exercises/exercise_01.ipynb... ✓ (0.5s)
[406/817] Course 06/unit1-ethics-foundations/solutions/solution_01.ipynb... ✓ (0.5s)
[407/817] Course 06/unit2-bias-fairness/examples/06_detecting_bias_ai_models.ipynb... ✓ (1.5s)
[408/817] Course 06/unit2-bias-fairness/examples/07_fairness_testing_metrics.ipynb... ✓ (1.0s)
[409/817] Course 06/unit2-bias-justice/examples/01_bias_detection.ipynb... ✓ (2.4s)
[410/817] Course 06/unit2-bias-justice/examples/02_bias_mitigation.ipynb... ✓ (1.7s)
[411/817] Course 06/unit2-bias-justice/examples/03_fair_representation.ipynb... ✓ (1.8s)
[412/817] Course 06/unit2-bias-justice/examples/04_bias_case_studies.ipynb... ✓ (2.0s)
[413/817] Course 06/unit2-bias-justice/examples/05_fair_ai_development.ipynb... ✓ (2.9s)
[414/817] Course 06/unit2-bias-justice/examples/ai_fairness_auditing_evaluating_and_improving_ethical_compliance_in_ai_systems.ipynb... ✗ (0.8s)
     Error: An error occurred while executing the following cell: ------------------ import numpy as np import p...
[415/817] Course 06/unit2-bias-justice/examples/case_studies_analysis_investigating_bias_incidents_in_ai_in_real_world.ipynb... ✗ (0.7s)
     Error: An error occurred while executing the following cell: ------------------ import numpy as np import p...
[416/817] Course 06/unit2-bias-justice/examples/detecting_bias_in_ai_models_identifying_biases_in_datasets_and_algorithms.ipynb... ✗ (0.6s)
     Error: An error occurred while executing the following cell: ------------------ import numpy as np import p...
[417/817] Course 06/unit2-bias-justice/examples/developing_ai_ethics_policies_formulating_guidelines_for_responsible_ai_use.ipynb... ✗ (0.6s)
     Error: An error occurred while executing the following cell: ------------------ import numpy as np import p...
[418/817] Course 06/unit2-bias-justice/examples/fairness_testing_using_fairness_metrics_to_evaluate_ai_decisions.ipynb... ✗ (0.7s)
     Error: An error occurred while executing the following cell: ------------------ import numpy as np import p...
[419/817] Course 06/unit2-bias-justice/examples/implementing_bias_mitigation_techniques_applying_correction_techniques_and_evalu.ipynb... ✗ (0.6s)
     Error: An error occurred while executing the following cell: ------------------ import numpy as np import p...
[420/817] Course 06/unit2-bias-justice/exercises/exercise_02.ipynb... ✗ (1.8s)
     Error: An error occurred while executing the following cell: ------------------ """ Unit 2: Bias, Justice, ...
[421/817] Course 06/unit2-bias-justice/solutions/solution_02.ipynb... ✓ (0.7s)
[422/817] Course 06/unit3-privacy-security/examples/01_data_protection.ipynb... ✓ (2.1s)
[423/817] Course 06/unit3-privacy-security/examples/02_privacy_technologies.ipynb... ✓ (2.0s)
[424/817] Course 06/unit3-privacy-security/examples/03_differential_privacy.ipynb... ✓ (2.4s)
[425/817] Course 06/unit3-privacy-security/examples/04_gdpr_compliance.ipynb... ✓ (2.2s)
[426/817] Course 06/unit3-privacy-security/examples/05_secure_development.ipynb... ✓ (2.1s)
[427/817] Course 06/unit3-privacy-security/examples/06_data_encryption_techniques.ipynb... ✓ (0.8s)
[428/817] Course 06/unit3-privacy-security/examples/07_anonymization_pseudonymization.ipynb... ✓ (1.0s)
[429/817] Course 06/unit3-privacy-security/examples/anonymization_techniques_applying_anonymization_and_pseudonymization_methods.ipynb... ✗ (0.7s)
     Error: An error occurred while executing the following cell: ------------------ import numpy as np import p...
[430/817] Course 06/unit3-privacy-security/examples/case_study_analysis_investigating_real_world_privacy_breaches_and_security_failu.ipynb... ✗ (0.8s)
     Error: An error occurred while executing the following cell: ------------------ import numpy as np import p...
[431/817] Course 06/unit3-privacy-security/examples/compliance_testing_ensuring_ai_systems_comply_with_gdpr_and_other_regulations.ipynb... ✗ (0.8s)
     Error: An error occurred while executing the following cell: ------------------ import numpy as np import p...
[432/817] Course 06/unit3-privacy-security/examples/data_encryption_implementing_encryption_techniques_for_data_protection.ipynb... ✗ (0.8s)
     Error: An error occurred while executing the following cell: ------------------ import numpy as np import p...
[433/817] Course 06/unit3-privacy-security/examples/privacy_risk_assessment_evaluating_privacy_risks_in_ai_applications.ipynb... ✗ (0.7s)
     Error: An error occurred while executing the following cell: ------------------ import numpy as np import p...
[434/817] Course 06/unit3-privacy-security/examples/security_auditing_conducting_security_audits_on_ai_systems.ipynb... ✗ (0.8s)
     Error: An error occurred while executing the following cell: ------------------ import numpy as np import p...
[435/817] Course 06/unit3-privacy-security/exercises/exercise_01.ipynb... ✓ (1.0s)
[436/817] Course 06/unit3-privacy-security/solutions/solution_01.ipynb... ✓ (0.7s)
[437/817] Course 06/unit4-transparency-accountability/examples/01_shap_explanations.ipynb... ✓ (3.2s)
[438/817] Course 06/unit4-transparency-accountability/examples/02_lime_explanations.ipynb... ✓ (2.6s)
[439/817] Course 06/unit4-transparency-accountability/examples/03_counterfactual_analysis.ipynb... ✓ (2.6s)
[440/817] Course 06/unit4-transparency-accountability/examples/04_accountability_frameworks.ipynb... ✓ (2.3s)
[441/817] Course 06/unit4-transparency-accountability/examples/05_hitl_approaches.ipynb... ✓ (2.3s)
[442/817] Course 06/unit4-transparency-accountability/examples/06_transparency_tools.ipynb... ✓ (1.9s)
[443/817] Course 06/unit4-transparency-accountability/examples/07_explainable_ai_techniques.ipynb... ✗ (0.9s)
     Error: An error occurred while executing the following cell: ------------------ import shap import lime imp...
[444/817] Course 06/unit4-transparency-accountability/examples/case_studies_analysis_analyzing_success_and_failure_in_transparency_and_accounta.ipynb... ✗ (0.7s)
     Error: An error occurred while executing the following cell: ------------------ import numpy as np import p...
[445/817] Course 06/unit4-transparency-accountability/examples/implementing_xai_techniques_applying_techniques_like_lime_and_shap_to_interpret_.ipynb... ✗ (0.6s)
     Error: An error occurred while executing the following cell: ------------------ import numpy as np import p...
[446/817] Course 06/unit4-transparency-accountability/exercises/exercise_01.ipynb... ✓ (1.6s)
[447/817] Course 06/unit4-transparency-accountability/solutions/solution_01.ipynb... ✓ (0.8s)
[448/817] Course 06/unit5-governance-regulations/examples/01_global_regulations.ipynb... ✓ (2.5s)
[449/817] Course 06/unit5-governance-regulations/examples/02_industry_regulations.ipynb... ✓ (2.1s)
[450/817] Course 06/unit5-governance-regulations/examples/03_governance_frameworks.ipynb... ✓ (2.3s)
[451/817] Course 06/unit5-governance-regulations/examples/04_legal_challenges.ipynb... ✓ (2.0s)
[452/817] Course 06/unit5-governance-regulations/examples/06_ai_governance_frameworks.ipynb... ✓ (0.7s)
[453/817] Course 06/unit5-governance-regulations/examples/accountability_practices_in_ai_developing_and_simulating_monitoring_systems_for_.ipynb... ✗ (0.8s)
     Error: An error occurred while executing the following cell: ------------------ import numpy as np import p...
[454/817] Course 06/unit5-governance-regulations/examples/case_studies_evaluation_evaluating_regulatory_challenges_and_ai_in_real_world.ipynb... ✗ (0.7s)
     Error: An error occurred while executing the following cell: ------------------ import numpy as np import p...
[455/817] Course 06/unit5-governance-regulations/examples/predictive_analysis_for_future_challenges_identifying_and_predicting_upcoming_ch.ipynb... ✗ (0.7s)
     Error: An error occurred while executing the following cell: ------------------ import numpy as np import p...
[456/817] Course 06/unit5-governance-regulations/examples/transparency_and_interpretability_tools_implementing_and_testing_interpretabilit.ipynb... ✗ (0.7s)
     Error: An error occurred while executing the following cell: ------------------ import numpy as np import p...
[457/817] Course 06/unit5-governance-regulations/exercises/exercise_01.ipynb... ✓ (0.6s)
[458/817] Course 06/unit5-governance-regulations/solutions/solution_01.ipynb... ✓ (0.5s)
[459/817] Course 07/unit1-nlp-fundamentals/examples/01_text_preprocessing.ipynb... ✓ (1.0s)
[460/817] Course 07/unit1-nlp-fundamentals/examples/02_nltk_spacy_introduction.ipynb... ✓ (0.9s)
[461/817] Course 07/unit1-nlp-fundamentals/examples/03_real_world_nlp_applications.ipynb... ✓ (0.9s)
[462/817] Course 07/unit1-nlp-fundamentals/examples/04_text_conversion_script.ipynb... ✓ (0.7s)
[463/817] Course 07/unit1-nlp-fundamentals/examples/05_exploring_real_datasets.ipynb... ✓ (1.5s)
[464/817] Course 07/unit1-nlp-fundamentals/exercises/01_text_preprocessing_exercise.ipynb... ✗ (0.6s)
     Error: An error occurred while executing the following cell: ------------------ # Setup\n %pip install nltk...
[465/817] Course 07/unit1-nlp-fundamentals/solutions/01_text_preprocessing_solution.ipynb... ✗ (8.8s)
     Error: An error occurred while executing the following cell: ------------------ def clean_text(text):     "...
[466/817] Course 07/unit2-tokenization-morphology/examples/01_advanced_tokenization.ipynb... ✓ (0.8s)
[467/817] Course 07/unit2-tokenization-morphology/examples/02_text_vectorization_bow_tfidf.ipynb... ✓ (0.8s)
[468/817] Course 07/unit2-tokenization-morphology/examples/03_word_embeddings_word2vec.ipynb... ✓ (1.8s)
[469/817] Course 07/unit2-tokenization-morphology/examples/04_word_embeddings_glove_fasttext.ipynb... ✗ (0.7s)
     Error: An error occurred while executing the following cell: ------------------ import numpy as np from gen...
[470/817] Course 07/unit2-tokenization-morphology/examples/applying_dimensionality_reduction_on_high_dimensional_vectors_and_visualizing_re.ipynb... ✓ (1.6s)
[471/817] Course 07/unit2-tokenization-morphology/examples/implementing_basic_text_processing_techniques_using_nltk_and_spacy.ipynb... ✗ (0.6s)
     Error: An error occurred while executing the following cell: ------------------ import numpy as np import p...
[472/817] Course 07/unit2-tokenization-morphology/examples/implementing_bert_embeddings_using_hugging_face_transformers.ipynb... ✗ (1.0s)
     Error: An error occurred while executing the following cell: ------------------ import numpy as np import p...
[473/817] Course 07/unit2-tokenization-morphology/examples/performing_tokenization_stemming_and_lemmatization_on_sample_datasets.ipynb... ✗ (0.5s)
     Error: An error occurred while executing the following cell: ------------------ import numpy as np import p...
[474/817] Course 07/unit2-tokenization-morphology/examples/writing_a_simple_text_conversion_script_using_python.ipynb... ✗ (0.8s)
     Error: An error occurred while executing the following cell: ------------------ import numpy as np import p...
[475/817] Course 07/unit2-tokenization-morphology/exercises/01_tokenization_exercise.ipynb... ✓ (2.5s)
[476/817] Course 07/unit2-tokenization-morphology/solutions/01_tokenization_solution.ipynb... ✗ (2.8s)
     Error: An error occurred while executing the following cell: ------------------ def tokenize_english(text):...
[477/817] Course 07/unit3-ml-for-nlp/examples/01_text_classification.ipynb... ✓ (1.6s)
[478/817] Course 07/unit3-ml-for-nlp/examples/02_named_entity_recognition.ipynb... ✓ (0.8s)
[479/817] Course 07/unit3-ml-for-nlp/examples/03_topic_modeling_lda_nmf.ipynb... ✓ (0.9s)
[480/817] Course 07/unit3-ml-for-nlp/examples/04_model_evaluation_metrics_nlp.ipynb... ✓ (1.5s)
[481/817] Course 07/unit3-ml-for-nlp/exercises/01_sentiment_classification_exercise.ipynb... ✓ (2.0s)
[482/817] Course 07/unit3-ml-for-nlp/solutions/01_sentiment_classification_solution.ipynb... ✗ (2.9s)
     Error: An error occurred while executing the following cell: ------------------ def preprocess_reviews(revi...
[483/817] Course 07/unit4-deep-learning-nlp/examples/01_rnn_lstm_nlp.ipynb... ✓ (0.5s)
[484/817] Course 07/unit4-deep-learning-nlp/examples/02_lstm_text_generation.ipynb... ✓ (0.9s)
[485/817] Course 07/unit4-deep-learning-nlp/examples/03_bert_advanced_usage.ipynb... ✓ (1.6s)
[486/817] Course 07/unit4-deep-learning-nlp/examples/04_seq2seq_attention_translation.ipynb... ✓ (0.8s)
[487/817] Course 07/unit4-deep-learning-nlp/examples/05_gpt_openai_text_generation.ipynb... ✓ (0.6s)
[488/817] Course 07/unit4-deep-learning-nlp/examples/06_text_summarization.ipynb... ✓ (0.7s)
[489/817] Course 07/unit4-deep-learning-nlp/examples/07_building_simple_chatbot.ipynb... ✓ (0.6s)
[490/817] Course 07/unit4-deep-learning-nlp/examples/building_a_simple_chatbot.ipynb... ✗ (0.6s)
     Error: An error occurred while executing the following cell: ------------------ import numpy as np import p...
[491/817] Course 07/unit4-deep-learning-nlp/examples/building_an_lstm_based_text_classifier_using_tensorflowkeras.ipynb... ✗ (0.7s)
     Error: An error occurred while executing the following cell: ------------------ import numpy as np import p...
[492/817] Course 07/unit4-deep-learning-nlp/examples/fine_tuning_bert_model_for_text_classification_using_hugging_face_transformers.ipynb... ✗ (0.6s)
     Error: An error occurred while executing the following cell: ------------------ import numpy as np import p...
[493/817] Course 07/unit4-deep-learning-nlp/examples/implementing_text_summarization.ipynb... ✗ (0.6s)
     Error: An error occurred while executing the following cell: ------------------ import numpy as np import p...
[494/817] Course 07/unit4-deep-learning-nlp/exercises/01_ner_exercise.ipynb... ✓ (37.9s)
[495/817] Course 07/unit4-deep-learning-nlp/solutions/01_ner_solution.ipynb... ✓ (1.6s)
[496/817] Course 07/unit5-applications-ethics/examples/01_bias_detection.ipynb... ✓ (0.7s)
[497/817] Course 07/unit5-applications-ethics/examples/02_text_summarization.ipynb... ✓ (0.9s)
[498/817] Course 07/unit5-applications-ethics/examples/03_chatbot_implementation.ipynb... ✓ (0.8s)
[499/817] Course 07/unit5-applications-ethics/exercises/01_nlp_applications_ethics_exercise.ipynb... ✓ (18.9s)
[500/817] Course 07/unit5-applications-ethics/solutions/01_nlp_applications_ethics_solution.ipynb... ✓ (2.2s)
[501/817] Course 08/unit1-deep-learning-basics/examples/01_simple_neural_network.ipynb... ✗ (0.7s)
     Error: An error occurred while executing the following cell: ------------------   # Visualization: Neural N...
[502/817] Course 08/unit1-deep-learning-basics/examples/02_backpropagation_detailed.ipynb... ✓ (0.7s)
[503/817] Course 08/unit1-deep-learning-basics/examples/03_optimization_techniques.ipynb... ✓ (0.7s)
[504/817] Course 08/unit1-deep-learning-basics/examples/04_perceptron_mlp_tensorflow_pytorch_setup.ipynb... ✓ (6.5s)
[505/817] Course 08/unit1-deep-learning-basics/examples/05_image_processing_feature_extraction.ipynb... ✗ (1.1s)
     Error: An error occurred while executing the following cell: ------------------ import numpy as np import m...
[506/817] Course 08/unit1-deep-learning-basics/examples/activation_functions_and_optimization_algorithms.ipynb... ✗ (0.6s)
     Error: An error occurred while executing the following cell: ------------------ import numpy as np import p...
[507/817] Course 08/unit1-deep-learning-basics/examples/deep_learning_fundamentals_compared_to_traditional_ml.ipynb... ✗ (0.8s)
     Error: An error occurred while executing the following cell: ------------------ import numpy as np import p...
[508/817] Course 08/unit1-deep-learning-basics/examples/ethical_concerns_in_ai_bias_fairness_interpretability.ipynb... ✗ (0.5s)
     Error: An error occurred while executing the following cell: ------------------ import numpy as np import p...
[509/817] Course 08/unit1-deep-learning-basics/examples/forward_and_backward_propagation.ipynb... ✗ (0.5s)
     Error: An error occurred while executing the following cell: ------------------ import numpy as np import p...
[510/817] Course 08/unit1-deep-learning-basics/examples/gans_and_autoencoders_vaes.ipynb... ✗ (0.6s)
     Error: An error occurred while executing the following cell: ------------------ import numpy as np import p...
[511/817] Course 08/unit1-deep-learning-basics/examples/implementing_a_vae_variational_autoencoder_for_anomaly_detection.ipynb... ✗ (0.8s)
     Error: An error occurred while executing the following cell: ------------------ import numpy as np import p...
[512/817] Course 08/unit1-deep-learning-basics/examples/reinforcement_learning_fundamentals_deep_q_networks_policy_gradients.ipynb... ✗ (0.7s)
     Error: An error occurred while executing the following cell: ------------------ import numpy as np import p...
[513/817] Course 08/unit1-deep-learning-basics/exercises/01_neural_network_exercise.ipynb... ✓ (5.4s)
[514/817] Course 08/unit1-deep-learning-basics/solutions/01_neural_network_solution.ipynb... ✓ (2.2s)
[515/817] Course 08/unit2-cnns/examples/01_cnn_architecture.ipynb... ✗ (0.5s)
     Error: An error occurred while executing the following cell: ------------------   # Visualization: Neural N...
[516/817] Course 08/unit2-cnns/examples/02_cnn_advanced_architectures.ipynb... ✓ (0.7s)
[517/817] Course 08/unit2-cnns/examples/03_transfer_learning_cnns.ipynb... ✓ (0.8s)
[518/817] Course 08/unit2-cnns/examples/04_pretrained_cnn_architectures.ipynb... ✗ (0.8s)
     Error: An error occurred while executing the following cell: ------------------ import tensorflow as tf fro...
[519/817] Course 08/unit2-cnns/examples/05_training_cnn_image_datasets.ipynb... ✗ (0.9s)
     Error: An error occurred while executing the following cell: ------------------ import tensorflow as tf fro...
[520/817] Course 08/unit2-cnns/examples/06_transfer_learning_object_detection.ipynb... ✗ (0.8s)
     Error: An error occurred while executing the following cell: ------------------ import tensorflow as tf fro...
[521/817] Course 08/unit2-cnns/examples/cnn_architecture_convolutional_layers_pooling_layers_fully_connected_layers.ipynb... ✗ (0.5s)
     Error: An error occurred while executing the following cell: ------------------ import numpy as np import p...
[522/817] Course 08/unit2-cnns/examples/image_processing_fundamentals_and_feature_extraction.ipynb... ✗ (0.6s)
     Error: An error occurred while executing the following cell: ------------------ import numpy as np import p...
[523/817] Course 08/unit2-cnns/examples/implementing_a_cnn_from_scratch_using_tensorflowpytorch.ipynb... ✗ (0.7s)
     Error: An error occurred while executing the following cell: ------------------ import numpy as np import p...
[524/817] Course 08/unit2-cnns/examples/introduction_to_pre_trained_cnn_architectures_resnet_vgg_inception.ipynb... ✗ (0.5s)
     Error: An error occurred while executing the following cell: ------------------ import numpy as np import p...
[525/817] Course 08/unit2-cnns/examples/training_a_cnn_on_image_datasets_eg_cifar_10_imagenet.ipynb... ✗ (0.7s)
     Error: An error occurred while executing the following cell: ------------------ import numpy as np import p...
[526/817] Course 08/unit2-cnns/exercises/01_cnn_exercise.ipynb... ✓ (1.9s)
[527/817] Course 08/unit2-cnns/solutions/01_cnn_solution.ipynb... ✗ (8.0s)
     Error: An error occurred while executing the following cell: ------------------ %pip install torch torchvis...
[528/817] Course 08/unit3-rnns/examples/01_rnn_basics.ipynb... ✓ (1.0s)
[529/817] Course 08/unit3-rnns/examples/02_lstm_advanced.ipynb... ✓ (1.0s)
[530/817] Course 08/unit3-rnns/examples/03_sequence_to_sequence.ipynb... ✓ (0.8s)
[531/817] Course 08/unit3-rnns/examples/04_text_generation_rnn_lstm_gru.ipynb... ✗ (0.9s)
     Error: An error occurred while executing the following cell: ------------------ import tensorflow as tf fro...
[532/817] Course 08/unit3-rnns/examples/05_transformer_models_bert_gpt_nlp.ipynb... ✓ (3.4s)
[533/817] Course 08/unit3-rnns/examples/06_sentiment_analysis_translation_speech.ipynb... ✓ (3.0s)
[534/817] Course 08/unit3-rnns/examples/advanced_architectures_lstm_gru_transformers_attention_mechanism.ipynb... ✗ (0.8s)
     Error: An error occurred while executing the following cell: ------------------ import numpy as np import p...
[535/817] Course 08/unit3-rnns/examples/applications_in_nlp.ipynb... ✗ (0.6s)
     Error: An error occurred while executing the following cell: ------------------ import numpy as np import p...
[536/817] Course 08/unit3-rnns/examples/implementing_rnn_lstm_and_gru_for_text_generation.ipynb... ✗ (0.7s)
     Error: An error occurred while executing the following cell: ------------------ import numpy as np import p...
[537/817] Course 08/unit3-rnns/examples/performing_sentiment_analysis_machine_translation_and_speech_recognition.ipynb... ✗ (0.6s)
     Error: An error occurred while executing the following cell: ------------------ import numpy as np import p...
[538/817] Course 08/unit3-rnns/examples/rnn_structure_and_challenges_vanishing_gradients_problem.ipynb... ✗ (0.7s)
     Error: An error occurred while executing the following cell: ------------------ import numpy as np import p...
[539/817] Course 08/unit3-rnns/examples/understanding_sequential_data_and_time_series_prediction.ipynb... ✗ (0.6s)
     Error: An error occurred while executing the following cell: ------------------ import numpy as np import p...
[540/817] Course 08/unit3-rnns/examples/using_transformer_models_like_bert_and_gpt_for_nlp_tasks.ipynb... ✗ (0.8s)
     Error: An error occurred while executing the following cell: ------------------ import numpy as np import p...
[541/817] Course 08/unit3-rnns/exercises/01_rnn_exercise.ipynb... ✗ (2.2s)
     Error: An error occurred while executing the following cell: ------------------ # TODO: Generate synthetic ...
[542/817] Course 08/unit3-rnns/solutions/01_rnn_solution.ipynb... ✓ (3.9s)
[543/817] Course 08/unit4-transformers/examples/01_transformer_attention.ipynb... ✓ (0.6s)
[544/817] Course 08/unit4-transformers/examples/02_bert_finetuning.ipynb... ✓ (0.8s)
[545/817] Course 08/unit4-transformers/examples/03_gpt_text_generation.ipynb... ✗ (287.7s)
     Error: An error occurred while executing the following cell: ------------------ # Load pre-trained GPT-2 mo...
[546/817] Course 08/unit4-transformers/exercises/01_transformer_exercise.ipynb... ✓ (2.1s)
[547/817] Course 08/unit4-transformers/solutions/01_transformer_solution.ipynb... ✗ (4.0s)
     Error: An error occurred while executing the following cell: ------------------ %pip install transformers t...
[548/817] Course 08/unit5-deployment/examples/01_model_optimization.ipynb... ✓ (0.8s)
[549/817] Course 08/unit5-deployment/examples/02_tensorflow_serving.ipynb... ✗ (76.6s)
     Error: An error occurred while executing the following cell: ------------------ # Create a simple model for...
[550/817] Course 08/unit5-deployment/examples/03_onnx_conversion.ipynb... ✗ (10.1s)
     Error: An error occurred while executing the following cell: ------------------ # Create dummy input dummy_...
[551/817] Course 08/unit5-deployment/examples/04_model_pruning.ipynb... ✓ (1.1s)
[552/817] Course 08/unit5-deployment/examples/05_model_distillation.ipynb... ✓ (1.0s)
[553/817] Course 08/unit5-deployment/examples/06_flask_fastapi_deployment.ipynb... ✓ (1.8s)
[554/817] Course 08/unit5-deployment/examples/07_model_optimization_quantization.ipynb... ✓ (3.4s)
[555/817] Course 08/unit5-deployment/examples/cloud_deployment_of_deep_learning_models.ipynb... ✗ (0.8s)
     Error: An error occurred while executing the following cell: ------------------ import numpy as np import p...
[556/817] Course 08/unit5-deployment/examples/model_compression_for_edge_devices.ipynb... ✗ (0.7s)
     Error: An error occurred while executing the following cell: ------------------ import numpy as np import p...
[557/817] Course 08/unit5-deployment/examples/optimizing_deep_learning_models_using_regularization.ipynb... ✗ (0.7s)
     Error: An error occurred while executing the following cell: ------------------ import numpy as np import p...
[558/817] Course 08/unit5-deployment/examples/regularization_and_hyperparameter_tuning.ipynb... ✗ (0.7s)
     Error: An error occurred while executing the following cell: ------------------ import numpy as np import p...
[559/817] Course 08/unit5-deployment/examples/regularization_techniques_dropout_batch_normalization.ipynb... ✗ (0.8s)
     Error: An error occurred while executing the following cell: ------------------ import numpy as np import p...
[560/817] Course 08/unit5-deployment/exercises/01_deep_learning_model_deployment_exercise.ipynb... ✓ (0.6s)
[561/817] Course 08/unit5-deployment/solutions/01_deep_learning_model_deployment_solution.ipynb... ✓ (0.6s)
[562/817] Course 09/unit1-rl-fundamentals/examples/01_mdp_example.ipynb... ✓ (0.9s)
[563/817] Course 09/unit1-rl-fundamentals/examples/02_mdp_solving.ipynb... ✓ (0.9s)
[564/817] Course 09/unit1-rl-fundamentals/examples/03_value_iteration.ipynb... ✓ (0.8s)
[565/817] Course 09/unit1-rl-fundamentals/examples/04_openai_gym_setup.ipynb... ✗ (0.8s)
     Error: An error occurred while executing the following cell: ------------------ # Install OpenAI Gym (run t...
[566/817] Course 09/unit1-rl-fundamentals/examples/05_exploration_strategies_epsilon_greedy.ipynb... ✗ (1.0s)
     Error: An error occurred while executing the following cell: ------------------ import numpy as np import m...
[567/817] Course 09/unit1-rl-fundamentals/examples/06_solving_rl_problems_states_actions_rewards.ipynb... ✗ (1.2s)
     Error: An error occurred while executing the following cell: ------------------ import numpy as np import m...
[568/817] Course 09/unit1-rl-fundamentals/examples/07_mini_projects_cartpole_frozenlake_qlearning_dqn.ipynb... ✗ (1.0s)
     Error: An error occurred while executing the following cell: ------------------ import numpy as np import m...
[569/817] Course 09/unit1-rl-fundamentals/examples/exploration_strategies_programming_epsilon_greedy_strategy_and_visualizing_its_i.ipynb... ✗ (0.5s)
     Error: An error occurred while executing the following cell: ------------------ import numpy as np import p...
[570/817] Course 09/unit1-rl-fundamentals/examples/mini_projects_applying_rl_in_games_like_cartpole_and_frozenlake_implementing_q_l.ipynb... ✗ (0.6s)
     Error: An error occurred while executing the following cell: ------------------ # Gym has two common packag...
[571/817] Course 09/unit1-rl-fundamentals/examples/setting_up_rl_environment_installing_openai_gym_and_using_python_based_framework.ipynb... ✗ (0.7s)
     Error: An error occurred while executing the following cell: ------------------ # Gym has two common packag...
[572/817] Course 09/unit1-rl-fundamentals/examples/solving_rl_problems_defining_states_actions_and_rewards_running_rl_simulations.ipynb... ✗ (0.6s)
     Error: An error occurred while executing the following cell: ------------------ import numpy as np import p...
[573/817] Course 09/unit1-rl-fundamentals/exercises/01_rl_fundamentals_and_mdps_exercise.ipynb... ✓ (0.7s)
[574/817] Course 09/unit1-rl-fundamentals/solutions/01_rl_fundamentals_and_mdps_solution.ipynb... ✓ (0.5s)
[575/817] Course 09/unit2-policy-value/examples/01_q_learning.ipynb... ✓ (1.0s)
[576/817] Course 09/unit2-policy-value/examples/02_sarsa_algorithm.ipynb... ✓ (0.7s)
[577/817] Course 09/unit2-policy-value/examples/03_policy_gradient_basics.ipynb... ✓ (0.9s)
[578/817] Course 09/unit2-policy-value/examples/04_monte_carlo_value_estimation.ipynb... ✗ (1.1s)
     Error: An error occurred while executing the following cell: ------------------ print("\n" + "=" * 60) prin...
[579/817] Course 09/unit2-policy-value/examples/05_td_algorithms_td0_nstep.ipynb... ✗ (1.1s)
     Error: An error occurred while executing the following cell: ------------------ print("\n" + "=" * 60) prin...
[580/817] Course 09/unit2-policy-value/examples/06_policy_vs_value_iteration_comparison.ipynb... ✓ (1.0s)
[581/817] Course 09/unit2-policy-value/examples/applying_q_learning_and_sarsa_in_openai_gym_cartpole_frozenlake.ipynb... ✗ (0.8s)
     Error: An error occurred while executing the following cell: ------------------ # Gym has two common packag...
[582/817] Course 09/unit2-policy-value/examples/comparing_policy_iteration_vs_value_iteration_through_code_based_experiments.ipynb... ✗ (0.7s)
     Error: An error occurred while executing the following cell: ------------------ import numpy as np import p...
[583/817] Course 09/unit2-policy-value/examples/implementing_monte_carlo_methods_for_estimating_value_functions.ipynb... ✗ (0.7s)
     Error: An error occurred while executing the following cell: ------------------ import numpy as np import p...
[584/817] Course 09/unit2-policy-value/examples/running_td0_and_n_step_td_algorithms_in_simple_rl_environments.ipynb... ✗ (0.9s)
     Error: An error occurred while executing the following cell: ------------------ # Gym has two common packag...
[585/817] Course 09/unit2-policy-value/examples/using_python_to_update_q_tables_and_display_agent_learning_progress.ipynb... ✗ (0.7s)
     Error: An error occurred while executing the following cell: ------------------ import numpy as np import p...
[586/817] Course 09/unit2-policy-value/exercises/01_q_learning_exercise.ipynb... ✓ (0.7s)
[587/817] Course 09/unit2-policy-value/solutions/01_q_learning_solution.ipynb... ✓ (0.7s)
[588/817] Course 09/unit3-deep-rl/examples/01_dqn_implementation.ipynb... ✓ (0.7s)
[589/817] Course 09/unit3-deep-rl/examples/02_actor_critic.ipynb... ✓ (6.1s)
[590/817] Course 09/unit3-deep-rl/examples/03_ppo_algorithm.ipynb... ✓ (0.8s)
[591/817] Course 09/unit3-deep-rl/examples/04_training_evaluation_monitoring.ipynb... ✓ (1.1s)
[592/817] Course 09/unit3-deep-rl/examples/05_optimization_experience_replay_reward_shaping.ipynb... ✓ (0.7s)
[593/817] Course 09/unit3-deep-rl/examples/applications_applying_deep_rl_in_games_robotics_and_optimization_tasks_in_simula.ipynb... ✗ (0.5s)
     Error: An error occurred while executing the following cell: ------------------ import numpy as np import p...
[594/817] Course 09/unit3-deep-rl/examples/handling_challenges_working_on_exploration_vs_exploitation_problems_stability_an.ipynb... ✗ (0.6s)
     Error: An error occurred while executing the following cell: ------------------ import numpy as np import p...
[595/817] Course 09/unit3-deep-rl/examples/implementing_deep_rl_starting_with_simple_algorithms_like_dqn_and_progressing_to.ipynb... ✗ (0.7s)
     Error: An error occurred while executing the following cell: ------------------ import numpy as np import p...
[596/817] Course 09/unit3-deep-rl/examples/optimization_experimenting_with_techniques_like_experience_replay_reward_shaping.ipynb... ✗ (0.7s)
     Error: An error occurred while executing the following cell: ------------------ import numpy as np import p...
[597/817] Course 09/unit3-deep-rl/examples/training_and_evaluation_monitoring_learning_curves_rewards_and_stability_to_eval.ipynb... ✗ (0.8s)
     Error: An error occurred while executing the following cell: ------------------ import numpy as np import p...
[598/817] Course 09/unit3-deep-rl/exercises/01_deep_reinforcement_learning_exercise.ipynb... ✓ (0.7s)
[599/817] Course 09/unit3-deep-rl/solutions/01_deep_reinforcement_learning_solution.ipynb... ✓ (0.6s)
[600/817] Course 09/unit4-exploration-exploitation/examples/01_exploration_strategies.ipynb... ✓ (4.0s)
[601/817] Course 09/unit4-exploration-exploitation/examples/02_balancing_exploration.ipynb... ✓ (2.1s)
[602/817] Course 09/unit4-exploration-exploitation/examples/03_adaptive_exploration_ucb.ipynb... ✓ (0.9s)
[603/817] Course 09/unit4-exploration-exploitation/examples/04_comparing_exploration_methods.ipynb... ✓ (0.9s)
[604/817] Course 09/unit4-exploration-exploitation/examples/05_tuning_exploration_parameters.ipynb... ✓ (0.8s)
[605/817] Course 09/unit4-exploration-exploitation/examples/comparing_performance_of_different_exploration_methods.ipynb... ✗ (0.6s)
     Error: An error occurred while executing the following cell: ------------------ import numpy as np import p...
[606/817] Course 09/unit4-exploration-exploitation/examples/tuning_exploration_parameters.ipynb... ✗ (0.7s)
     Error: An error occurred while executing the following cell: ------------------ import numpy as np import p...
[607/817] Course 09/unit4-exploration-exploitation/exercises/02_exploration_exercise.ipynb... ✓ (1.5s)
[608/817] Course 09/unit4-exploration-exploitation/solutions/02_exploration_solution.ipynb... ✓ (1.7s)
[609/817] Course 09/unit5-applications/examples/01_rl_applications.ipynb... ✓ (0.6s)
[610/817] Course 09/unit5-applications/examples/02_game_playing_agent.ipynb... ✓ (1.3s)
[611/817] Course 09/unit5-applications/examples/03_resource_optimization.ipynb... ✓ (1.4s)
[612/817] Course 09/unit5-applications/examples/04_multi_agent_rl.ipynb... ✓ (0.5s)
[613/817] Course 09/unit5-applications/examples/05_hierarchical_rl_options.ipynb... ✓ (0.7s)
[614/817] Course 09/unit5-applications/examples/06_model_based_rl_world_models.ipynb... ✓ (0.7s)
[615/817] Course 09/unit5-applications/examples/07_model_based_vs_model_free_comparison.ipynb... ✓ (0.8s)
[616/817] Course 09/unit5-applications/examples/08_goal_conditioned_rl.ipynb... ✓ (0.7s)
[617/817] Course 09/unit5-applications/examples/building_model_based_rl_systems_with_learned_world_models.ipynb... ✗ (0.5s)
     Error: An error occurred while executing the following cell: ------------------ import numpy as np import p...
[618/817] Course 09/unit5-applications/examples/comparing_model_based_vs_model_free_approaches.ipynb... ✗ (0.6s)
     Error: An error occurred while executing the following cell: ------------------ import numpy as np import p...
[619/817] Course 09/unit5-applications/examples/experimenting_with_hierarchical_rl_using_options_framework.ipynb... ✗ (0.7s)
     Error: An error occurred while executing the following cell: ------------------ import numpy as np import p...
[620/817] Course 09/unit5-applications/examples/implementing_goal_conditioned_rl_for_complex_tasks.ipynb... ✗ (0.7s)
     Error: An error occurred while executing the following cell: ------------------ import numpy as np import p...
[621/817] Course 09/unit5-applications/examples/implementing_multi_agent_rl_environments_and_training_cooperativecompetitive_age.ipynb... ✗ (0.7s)
     Error: An error occurred while executing the following cell: ------------------ # Gym has two common packag...
[622/817] Course 09/unit5-applications/exercises/01_rl_exercise.ipynb... ✓ (0.8s)
[623/817] Course 09/unit5-applications/solutions/01_rl_solution.ipynb... ✓ (0.8s)
[624/817] Course 10/unit1-generative-fundamentals/examples/01_generative_vs_discriminative.ipynb... ✗ (0.5s)
     Error: An error occurred while executing the following cell: ------------------   # Visualization: Generati...
[625/817] Course 10/unit1-generative-fundamentals/examples/02_generative_model_comparison.ipynb... ✓ (0.7s)
[626/817] Course 10/unit1-generative-fundamentals/examples/03_probabilistic_generative_models.ipynb... ✓ (0.8s)
[627/817] Course 10/unit1-generative-fundamentals/examples/04_building_training_simple_gan.ipynb... ✓ (3.3s)
[628/817] Course 10/unit1-generative-fundamentals/examples/05_implementing_vae_image_generation.ipynb... ✓ (3.0s)
[629/817] Course 10/unit1-generative-fundamentals/examples/06_comparing_gan_vae_architectures.ipynb... ✓ (0.7s)
[630/817] Course 10/unit1-generative-fundamentals/examples/06_comparing_generative_models_gans_vae.ipynb... ✓ (0.8s)
[631/817] Course 10/unit1-generative-fundamentals/examples/07_training_techniques_gradient_penalties.ipynb... ✓ (3.2s)
[632/817] Course 10/unit1-generative-fundamentals/examples/08_evaluating_generative_models_fid_bleu.ipynb... ✓ (1.6s)
[633/817] Course 10/unit1-generative-fundamentals/examples/09_generating_samples_trained_models.ipynb... ✓ (1.0s)
[634/817] Course 10/unit1-generative-fundamentals/examples/10_exploring_latent_spaces_interpolation.ipynb... ✓ (1.0s)
[635/817] Course 10/unit1-generative-fundamentals/examples/building_and_training_a_simple_gan_using_tensorflowpytorch.ipynb... ✗ (0.6s)
     Error: An error occurred while executing the following cell: ------------------ import numpy as np import p...
[636/817] Course 10/unit1-generative-fundamentals/examples/experimenting_with_training_techniques_like_gradient_penalties_and_spectral_norm.ipynb... ✗ (0.6s)
     Error: An error occurred while executing the following cell: ------------------ import numpy as np import p...
[637/817] Course 10/unit1-generative-fundamentals/examples/exploring_latent_spaces_and_interpolation_in_vaes.ipynb... ✗ (0.7s)
     Error: An error occurred while executing the following cell: ------------------ import numpy as np import p...
[638/817] Course 10/unit1-generative-fundamentals/exercises/01_generative_models_fundamentals_exercise.ipynb... ✓ (0.5s)
[639/817] Course 10/unit1-generative-fundamentals/solutions/01_generative_models_fundamentals_solution.ipynb... ✓ (0.6s)
[640/817] Course 10/unit2-gans/examples/01_gan_architecture.ipynb... ✗ (0.6s)
     Error: An error occurred while executing the following cell: ------------------   # Visualization: Generati...
[641/817] Course 10/unit2-gans/examples/02_conditional_gans.ipynb... ✓ (0.9s)
[642/817] Course 10/unit2-gans/examples/03_stylegan_basics.ipynb... ✓ (0.9s)
[643/817] Course 10/unit2-gans/examples/04_text_generation_gpt_models.ipynb... ✓ (6.2s)
[644/817] Course 10/unit2-gans/examples/04_training_techniques_gradient_penalties.ipynb... ✓ (0.5s)
[645/817] Course 10/unit2-gans/examples/05_fine_tuning_language_models.ipynb... ✗ (6.5s)
     Error: An error occurred while executing the following cell: ------------------ from transformers import GP...
[646/817] Course 10/unit2-gans/examples/05_finetuning_language_models.ipynb... ✗ (6.4s)
     Error: An error occurred while executing the following cell: ------------------ from transformers import Au...
[647/817] Course 10/unit2-gans/examples/06_prompt_engineering_openai_huggingface.ipynb... ✓ (0.6s)
[648/817] Course 10/unit2-gans/examples/07_building_text_to_text_generation.ipynb... ✓ (5.2s)
[649/817] Course 10/unit2-gans/examples/07_text_to_text_generation_transformers.ipynb... ✓ (0.7s)
[650/817] Course 10/unit2-gans/examples/08_generating_creative_text_stories_poems.ipynb... ✓ (5.1s)
[651/817] Course 10/unit2-gans/examples/09_evaluating_text_quality_bleu_perplexity.ipynb... ✓ (1.7s)
[652/817] Course 10/unit2-gans/examples/building_a_text_to_text_generation_system_using_transformers.ipynb... ✗ (0.8s)
     Error: An error occurred while executing the following cell: ------------------ import numpy as np import p...
[653/817] Course 10/unit2-gans/examples/evaluating_text_generation_quality_using_metrics_like_bleu_and_perplexity.ipynb... ✗ (0.5s)
     Error: An error occurred while executing the following cell: ------------------ import numpy as np import p...
[654/817] Course 10/unit2-gans/examples/fine_tuning_language_models_for_specific_tasks.ipynb... ✗ (0.7s)
     Error: An error occurred while executing the following cell: ------------------ import numpy as np import p...
[655/817] Course 10/unit2-gans/examples/generating_creative_text_stories_poems_using_language_models.ipynb... ✗ (0.6s)
     Error: An error occurred while executing the following cell: ------------------ import numpy as np import p...
[656/817] Course 10/unit2-gans/examples/implementing_conversational_ai_or_chatbot_using_generative_models.ipynb... ✗ (0.7s)
     Error: An error occurred while executing the following cell: ------------------ import numpy as np import p...
[657/817] Course 10/unit2-gans/examples/implementing_text_generation_using_gpt_models.ipynb... ✗ (0.6s)
     Error: An error occurred while executing the following cell: ------------------ import numpy as np import p...
[658/817] Course 10/unit2-gans/examples/practicing_prompt_engineering_with_openai_api_or_hugging_face_transformers.ipynb... ✗ (0.6s)
     Error: An error occurred while executing the following cell: ------------------ import numpy as np import p...
[659/817] Course 10/unit2-gans/exercises/01_gan_exercise.ipynb... ✓ (1.9s)
[660/817] Course 10/unit2-gans/solutions/01_gan_solution.ipynb... ✓ (1.9s)
[661/817] Course 10/unit3-vaes/examples/01_vae_implementation.ipynb... ✓ (3.0s)
[662/817] Course 10/unit3-vaes/examples/02_vae_applications.ipynb... ✓ (2.5s)
[663/817] Course 10/unit3-vaes/examples/03_vae_advanced_topics.ipynb... ✓ (1.1s)
[664/817] Course 10/unit3-vaes/examples/applying_models_like_openai_codex_or_github_copilot_for_code_generation.ipynb... ✗ (0.5s)
     Error: An error occurred while executing the following cell: ------------------ import numpy as np import p...
[665/817] Course 10/unit3-vaes/examples/audio_and_voice_synthesis_using_ai_tools_like_wavenet_or_jukebox.ipynb... ✗ (0.7s)
     Error: An error occurred while executing the following cell: ------------------ import numpy as np import p...
[666/817] Course 10/unit3-vaes/examples/automating_code_generation_and_software_development_tasks.ipynb... ✗ (0.6s)
     Error: An error occurred while executing the following cell: ------------------ import numpy as np import p...
[667/817] Course 10/unit3-vaes/examples/creating_ai_generated_music_and_human_voice_synthesis.ipynb... ✗ (0.5s)
     Error: An error occurred while executing the following cell: ------------------ import numpy as np import p...
[668/817] Course 10/unit3-vaes/examples/developing_comprehensive_projects_integrating_generative_ai_in_real_world_applic.ipynb... ✗ (0.7s)
     Error: An error occurred while executing the following cell: ------------------ import numpy as np import p...
[669/817] Course 10/unit3-vaes/examples/experimenting_with_deepfake_techniques.ipynb... ✗ (0.7s)
     Error: An error occurred while executing the following cell: ------------------ import numpy as np import p...
[670/817] Course 10/unit3-vaes/examples/generating_ai_created_images_using_stylegan_dall_e_or_stable_diffusion.ipynb... ✗ (0.7s)
     Error: An error occurred while executing the following cell: ------------------ import numpy as np import p...
[671/817] Course 10/unit3-vaes/exercises/01_vae_exercise.ipynb... ✓ (2.3s)
[672/817] Course 10/unit3-vaes/solutions/01_vae_solution.ipynb... ✓ (254.4s)
[673/817] Course 10/unit4-applications/examples/01_generative_ai_applications.ipynb... ✓ (0.6s)
[674/817] Course 10/unit4-applications/examples/02_image_generation_advanced.ipynb... ✓ (11.3s)
[675/817] Course 10/unit4-applications/examples/03_music_generation.ipynb... ✓ (8.5s)
[676/817] Course 10/unit4-applications/examples/04_generating_ai_images_stylegan_dalle.ipynb... ✓ (0.5s)
[677/817] Course 10/unit4-applications/examples/05_audio_voice_synthesis_wavenet_jukebox.ipynb... ✓ (0.8s)
[678/817] Course 10/unit4-applications/examples/06_code_generation_openai_codex_copilot.ipynb... ✓ (0.5s)
[679/817] Course 10/unit4-applications/examples/applying_ai_regulatory_guidelines_like_gdpr_to_ensure_compliance_in_model_develo.ipynb... ✗ (0.7s)
     Error: An error occurred while executing the following cell: ------------------ import numpy as np import p...
[680/817] Course 10/unit4-applications/examples/building_ethical_ai_models_with_principles_like_fairness_and_transparency.ipynb... ✗ (0.6s)
     Error: An error occurred while executing the following cell: ------------------ import numpy as np import p...
[681/817] Course 10/unit4-applications/exercises/01_generation_exercise.ipynb... ✓ (6.1s)
[682/817] Course 10/unit4-applications/solutions/01_generation_solution.ipynb... ✗ (6.9s)
     Error: An error occurred while executing the following cell: ------------------ %pip install transformers t...
[683/817] Course 10/unit5-ethics/examples/01_generative_ai_ethics.ipynb... ✓ (0.6s)
[684/817] Course 10/unit5-ethics/examples/02_deepfake_detection.ipynb... ✓ (20.3s)
[685/817] Course 10/unit5-ethics/examples/03_future_trends_research.ipynb... ✓ (1.0s)
[686/817] Course 10/unit5-ethics/examples/04_detecting_mitigating_bias_generative.ipynb... ✓ (2.6s)
[687/817] Course 10/unit5-ethics/examples/05_experimenting_advanced_generative_models.ipynb... ✓ (0.7s)
[688/817] Course 10/unit5-ethics/exercises/01_generative_ai_ethics_exercise.ipynb... ✓ (0.9s)
[689/817] Course 10/unit5-ethics/solutions/01_generative_ai_ethics_solution.ipynb... ✓ (0.6s)
[690/817] Course 11/unit1-deployment-basics/examples/01_model_serving_api.ipynb... ✓ (1.7s)
[691/817] Course 11/unit1-deployment-basics/examples/02_model_packaging.ipynb... ✓ (5.5s)
[692/817] Course 11/unit1-deployment-basics/examples/03_local_deployment_testing.ipynb... ✗ (3.3s)
     Error: An error occurred while executing the following cell: ------------------ from flask import Flask, re...
[693/817] Course 11/unit1-deployment-basics/examples/04_model_preparation_saving.ipynb... ✓ (0.9s)
[694/817] Course 11/unit1-deployment-basics/examples/05_model_validation_testing.ipynb... ✓ (0.7s)
[695/817] Course 11/unit1-deployment-basics/examples/06_monitoring_updating_models.ipynb... ✓ (0.7s)
[696/817] Course 11/unit1-deployment-basics/examples/building_api_interface_for_ai_models_implementing_a_simple_api_using_flask_or_fa.ipynb... ✗ (0.7s)
     Error: An error occurred while executing the following cell: ------------------ import numpy as np import p...
[697/817] Course 11/unit1-deployment-basics/examples/containerizing_ai_model_using_docker_packaging_ai_model_into_a_container_and_dep.ipynb... ✗ (0.6s)
     Error: An error occurred while executing the following cell: ------------------ import numpy as np import p...
[698/817] Course 11/unit1-deployment-basics/examples/containerizing_ai_model_using_docker_to_package_a_trained_model_for_scalable_dep.ipynb... ✗ (0.8s)
     Error: An error occurred while executing the following cell: ------------------ import numpy as np import p...
[699/817] Course 11/unit1-deployment-basics/examples/creating_rest_api_for_ai_model_inference_using_flask_or_fastapi_to_serve_predict.ipynb... ✗ (0.5s)
     Error: An error occurred while executing the following cell: ------------------ import numpy as np import p...
[700/817] Course 11/unit1-deployment-basics/examples/deploying_model_on_cloud_hosting_a_model_on_aws_google_cloud_or_azure.ipynb... ✗ (0.8s)
     Error: An error occurred while executing the following cell: ------------------ import numpy as np import p...
[701/817] Course 11/unit1-deployment-basics/examples/implementing_security_measures_applying_authentication_encryption_and_access_con.ipynb... ✗ (0.5s)
     Error: An error occurred while executing the following cell: ------------------ import numpy as np import p...
[702/817] Course 11/unit1-deployment-basics/examples/managing_ai_model_deployment_using_kubernetes_running_and_scaling_a_deployed_mod.ipynb... ✗ (0.6s)
     Error: An error occurred while executing the following cell: ------------------ import numpy as np import p...
[703/817] Course 11/unit1-deployment-basics/examples/model_validation_and_testing_running_unit_tests_and_performance_evaluations_befo.ipynb... ✗ (0.6s)
     Error: An error occurred while executing the following cell: ------------------ import numpy as np import p...
[704/817] Course 11/unit1-deployment-basics/examples/monitoring_and_logging_deployed_models_on_cloud_setting_up_logging_tracking_api_.ipynb... ✗ (0.5s)
     Error: An error occurred while executing the following cell: ------------------ import numpy as np import p...
[705/817] Course 11/unit1-deployment-basics/examples/monitoring_and_updating_deployed_models_implementing_logs_feedback_loops_and_ret.ipynb... ✗ (0.5s)
     Error: An error occurred while executing the following cell: ------------------ import numpy as np import p...
[706/817] Course 11/unit1-deployment-basics/examples/preparing_ai_model_for_deployment_training_and_saving_a_model_using_tensorflow_o.ipynb... ✗ (0.8s)
     Error: An error occurred while executing the following cell: ------------------ import numpy as np import p...
[707/817] Course 11/unit1-deployment-basics/exercises/01_packaging_exercise.ipynb... ✓ (2.8s)
[708/817] Course 11/unit1-deployment-basics/solutions/01_packaging_solution.ipynb... ✓ (3.6s)
[709/817] Course 11/unit2-versioning-serving/examples/01_flask_api_deployment.ipynb... ✓ (0.7s)
[710/817] Course 11/unit2-versioning-serving/examples/02_fastapi_deployment.ipynb... ✓ (0.7s)
[711/817] Course 11/unit2-versioning-serving/examples/03_model_versioning.ipynb... ✗ (16.0s)
     Error: An error occurred while executing the following cell: ------------------ # Set MLflow tracking URI m...
[712/817] Course 11/unit2-versioning-serving/examples/04_saving_loading_models_pickle_onnx.ipynb... ✓ (0.7s)
[713/817] Course 11/unit2-versioning-serving/examples/05_tensorflow_serving_torchserve.ipynb... ✓ (0.6s)
[714/817] Course 11/unit2-versioning-serving/examples/06_batch_vs_realtime_inference.ipynb... ✓ (0.8s)
[715/817] Course 11/unit2-versioning-serving/examples/07_kubernetes_scaling.ipynb... ✓ (0.5s)
[716/817] Course 11/unit2-versioning-serving/examples/containerizing_ai_model_using_docker_creating_docker_image_for_trained_ai_model_.ipynb... ✗ (0.7s)
     Error: An error occurred while executing the following cell: ------------------ import numpy as np import p...
[717/817] Course 11/unit2-versioning-serving/examples/deploying_using_tensorflow_serving_or_torchserve_using_ready_made_frameworks_for.ipynb... ✗ (0.5s)
     Error: An error occurred while executing the following cell: ------------------ import numpy as np import p...
[718/817] Course 11/unit2-versioning-serving/examples/saving_and_loading_ai_model_using_pickle_onnx_or_savedmodel_for_tensorflow.ipynb... ✗ (0.7s)
     Error: An error occurred while executing the following cell: ------------------ import numpy as np import p...
[719/817] Course 11/unit2-versioning-serving/examples/scaling_model_deployment_using_kubernetes_deploying_container_based_ai_model_on_.ipynb... ✗ (0.6s)
     Error: An error occurred while executing the following cell: ------------------ import numpy as np import p...
[720/817] Course 11/unit2-versioning-serving/examples/testing_batch_vs_real_time_inference_running_batch_processing_scripts_and_deploy.ipynb... ✗ (0.6s)
     Error: An error occurred while executing the following cell: ------------------ import numpy as np import p...
[721/817] Course 11/unit2-versioning-serving/exercises/03_api_deployment_exercise.ipynb... ✓ (1.6s)
[722/817] Course 11/unit2-versioning-serving/solutions/03_api_deployment_solution.ipynb... ✓ (1.6s)
[723/817] Course 11/unit3-cloud-deployment/examples/01_cloud_deployment.ipynb... ✓ (0.7s)
[724/817] Course 11/unit3-cloud-deployment/examples/02_aws_sagemaker.ipynb... ✓ (19.7s)
[725/817] Course 11/unit3-cloud-deployment/examples/03_azure_ml_deployment.ipynb... ✓ (0.8s)
[726/817] Course 11/unit3-cloud-deployment/examples/04_gcp_vertex_ai.ipynb... ✓ (0.6s)
[727/817] Course 11/unit3-cloud-deployment/examples/05_security_measures.ipynb... ✓ (0.7s)
[728/817] Course 11/unit3-cloud-deployment/examples/06_monitoring_logging_cloud.ipynb... ✓ (0.7s)
[729/817] Course 11/unit3-cloud-deployment/exercises/01_cloud_deployment_exercise.ipynb... ✓ (0.6s)
[730/817] Course 11/unit3-cloud-deployment/solutions/01_cloud_deployment_solution.ipynb... ✓ (0.8s)
[731/817] Course 11/unit4-containers-orchestration/examples/01_docker_deployment.ipynb... ✓ (0.5s)
[732/817] Course 11/unit4-containers-orchestration/examples/02_kubernetes_deployment.ipynb... ✓ (0.7s)
[733/817] Course 11/unit4-containers-orchestration/examples/03_cloud_deployment_comparison.ipynb... ✓ (0.5s)
[734/817] Course 11/unit4-containers-orchestration/examples/04_cicd_pipelines.ipynb... ✓ (0.8s)
[735/817] Course 11/unit4-containers-orchestration/examples/setting_up_cicd_pipelines.ipynb... ✗ (0.7s)
     Error: An error occurred while executing the following cell: ------------------ import numpy as np import p...
[736/817] Course 11/unit4-containers-orchestration/exercises/01_docker_and_containerization_exercise.ipynb... ✓ (0.7s)
[737/817] Course 11/unit4-containers-orchestration/solutions/01_docker_and_containerization_solution.ipynb... ✓ (0.5s)
[738/817] Course 11/unit5-pipelines-monitoring/examples/01_model_monitoring.ipynb... ✓ (0.7s)
[739/817] Course 11/unit5-pipelines-monitoring/examples/02_retraining_pipeline.ipynb... ✓ (2.2s)
[740/817] Course 11/unit5-pipelines-monitoring/examples/03_alerting_incident_management.ipynb... ✓ (1.5s)
[741/817] Course 11/unit5-pipelines-monitoring/examples/04_drift_detection.ipynb... ✓ (1.1s)
[742/817] Course 11/unit5-pipelines-monitoring/examples/05_experiment_tracking_mlflow_wandb.ipynb... ✓ (0.6s)
[743/817] Course 11/unit5-pipelines-monitoring/examples/06_model_versioning_reproducibility.ipynb... ✓ (0.6s)
[744/817] Course 11/unit5-pipelines-monitoring/examples/07_ab_testing_canary_deployment.ipynb... ✓ (0.5s)
[745/817] Course 11/unit5-pipelines-monitoring/examples/implementing_canary_deployment_strategies.ipynb... ✗ (0.9s)
     Error: An error occurred while executing the following cell: ------------------ import numpy as np import p...
[746/817] Course 11/unit5-pipelines-monitoring/examples/implementing_drift_detection_algorithms.ipynb... ✗ (0.5s)
     Error: An error occurred while executing the following cell: ------------------ import numpy as np import p...
[747/817] Course 11/unit5-pipelines-monitoring/examples/implementing_model_versioning_and_reproducibility_practices.ipynb... ✗ (0.6s)
     Error: An error occurred while executing the following cell: ------------------ import numpy as np import p...
[748/817] Course 11/unit5-pipelines-monitoring/examples/performing_ab_testing_for_model_comparison.ipynb... ✗ (0.6s)
     Error: An error occurred while executing the following cell: ------------------ import numpy as np import p...
[749/817] Course 11/unit5-pipelines-monitoring/examples/setting_up_model_monitoring_and_performance_tracking_systems.ipynb... ✗ (0.6s)
     Error: An error occurred while executing the following cell: ------------------ import numpy as np import p...
[750/817] Course 11/unit5-pipelines-monitoring/examples/setting_up_retraining_pipelines.ipynb... ✗ (0.6s)
     Error: An error occurred while executing the following cell: ------------------ import numpy as np import p...
[751/817] Course 11/unit5-pipelines-monitoring/examples/using_experiment_tracking_tools_mlflow_weights_biases.ipynb... ✗ (0.7s)
     Error: An error occurred while executing the following cell: ------------------ import numpy as np import p...
[752/817] Course 11/unit5-pipelines-monitoring/exercises/01_monitoring_exercise.ipynb... ✓ (1.7s)
[753/817] Course 11/unit5-pipelines-monitoring/solutions/01_monitoring_solution.ipynb... ✓ (1.7s)
[754/817] Course 12/EXAMPLES/01_project_structure_template.ipynb... ✓ (1.0s)
[755/817] Course 12/EXAMPLES/02_data_collection_preprocessing.ipynb... ✓ (1.1s)
[756/817] Course 12/EXAMPLES/03_model_development.ipynb... ✓ (1.1s)
[757/817] Course 12/EXAMPLES/04_model_evaluation.ipynb... ✓ (1.1s)
[758/817] Course 12/EXAMPLES/05_deployment_example.ipynb... ✓ (1.0s)
[759/817] Course 12/EXAMPLES/06_project_documentation_template.ipynb... ✓ (1.2s)
[760/817] Course 12/EXERCISES/SOLUTIONS/exercise_01_project_proposal_solution.ipynb... ✓ (0.7s)
[761/817] Course 12/EXERCISES/SOLUTIONS/exercise_02_system_design_solution.ipynb... ✓ (0.6s)
[762/817] Course 12/EXERCISES/SOLUTIONS/exercise_03_implementation_planning_solution.ipynb... ✓ (0.7s)
[763/817] Course 12/EXERCISES/exercise_01_project_proposal.ipynb... ✓ (0.5s)
[764/817] Course 12/EXERCISES/exercise_02_system_design.ipynb... ✓ (0.7s)
[765/817] Course 12/EXERCISES/exercise_03_implementation_planning.ipynb... ✓ (0.6s)
[766/817] Course 12/unit1-project-planning/examples/01_project_proposal_literature_review.ipynb... ✓ (0.8s)
[767/817] Course 12/unit1-project-planning/examples/04_literature_review_research_papers.ipynb... ✓ (0.7s)
[768/817] Course 12/unit1-project-planning/examples/compiling_source_code_documents_and_final_submission_package.ipynb... ✗ (0.8s)
     Error: An error occurred while executing the following cell: ------------------ import numpy as np import p...
[769/817] Course 12/unit1-project-planning/examples/creating_project_timeline_and_resource_allocation_plan.ipynb... ✗ (0.6s)
     Error: An error occurred while executing the following cell: ------------------ import numpy as np import p...
[770/817] Course 12/unit1-project-planning/examples/defining_success_metrics_and_evaluation_criteria_for_the_project.ipynb... ✗ (0.7s)
     Error: An error occurred while executing the following cell: ------------------ import numpy as np import p...
[771/817] Course 12/unit1-project-planning/examples/preparing_recorded_video_or_live_demonstration_of_project.ipynb... ✗ (0.5s)
     Error: An error occurred while executing the following cell: ------------------ import numpy as np import p...
[772/817] Course 12/unit1-project-planning/examples/selecting_and_defining_a_graduation_project_topic.ipynb... ✗ (0.8s)
     Error: An error occurred while executing the following cell: ------------------ import numpy as np import p...
[773/817] Course 12/unit2-data-collection/examples/01_data_collection_preprocessing.ipynb... ✓ (1.6s)
[774/817] Course 12/unit2-data-collection/examples/04_data_sourcing_strategies.ipynb... ✓ (0.9s)
[775/817] Course 12/unit2-data-collection/examples/collecting_and_acquiring_datasets_for_the_graduation_project.ipynb... ✗ (0.5s)
     Error: An error occurred while executing the following cell: ------------------ import numpy as np import p...
[776/817] Course 12/unit2-data-collection/examples/creating_data_exploration_notebooks_with_visualizations.ipynb... ✓ (2.7s)
[777/817] Course 12/unit2-data-collection/examples/implementing_feature_engineering_techniques.ipynb... ✗ (0.6s)
     Error: An error occurred while executing the following cell: ------------------ import numpy as np import p...
[778/817] Course 12/unit2-data-collection/examples/performing_data_cleaning_and_preprocessing_using_python_libraries_pandas_numpy.ipynb... ✓ (1.5s)
[779/817] Course 12/unit2-data-collection/examples/validating_data_quality_and_preparing_trainvalidationtest_splits.ipynb... ✗ (0.7s)
     Error: An error occurred while executing the following cell: ------------------ import numpy as np import p...
[780/817] Course 12/unit3-model-development/examples/01_model_training_hyperparameter_optimization.ipynb... ✓ (15.8s)
[781/817] Course 12/unit3-model-development/examples/04_model_selection_architecture_design.ipynb... ✗ (3.0s)
     Error: An error occurred while executing the following cell: ------------------ import tensorflow as tf fro...
[782/817] Course 12/unit3-model-development/examples/analyzing_model_outputs_and_identifying_areas_for_improvement.ipynb... ✗ (0.7s)
     Error: An error occurred while executing the following cell: ------------------ import numpy as np import p...
[783/817] Course 12/unit3-model-development/examples/documenting_training_procedures_and_results.ipynb... ✗ (0.6s)
     Error: An error occurred while executing the following cell: ------------------ import numpy as np import p...
[784/817] Course 12/unit3-model-development/examples/evaluating_model_performance_using_appropriate_metrics.ipynb... ✗ (0.6s)
     Error: An error occurred while executing the following cell: ------------------ import numpy as np import p...
[785/817] Course 12/unit3-model-development/examples/iteratively_refining_the_model_based_on_validation_results.ipynb... ✗ (0.6s)
     Error: An error occurred while executing the following cell: ------------------ import numpy as np import p...
[786/817] Course 12/unit3-model-development/examples/performing_hyperparameter_optimization_using_grid_search_or_automated_tools.ipynb... ✗ (0.6s)
     Error: An error occurred while executing the following cell: ------------------ import numpy as np import p...
[787/817] Course 12/unit4-evaluation-optimization/examples/01_model_evaluation_optimization.ipynb... ✓ (1.8s)
[788/817] Course 12/unit4-evaluation-optimization/examples/04_experiments_performance_metrics.ipynb... ✓ (1.5s)
[789/817] Course 12/unit4-evaluation-optimization/examples/05_comparing_baseline_models.ipynb... ✓ (1.5s)
[790/817] Course 12/unit4-evaluation-optimization/examples/06_analyzing_failure_cases.ipynb... ✓ (1.0s)
[791/817] Course 12/unit4-evaluation-optimization/examples/07_visualizing_results_graphs_matrices.ipynb... ✓ (1.6s)
[792/817] Course 12/unit4-evaluation-optimization/examples/08_iterative_improvement_retraining.ipynb... ✓ (1.5s)
[793/817] Course 12/unit4-evaluation-optimization/examples/analyzing_failure_cases_and_identifying_weaknesses_in_the_model.ipynb... ✗ (0.6s)
     Error: An error occurred while executing the following cell: ------------------ import numpy as np import p...
[794/817] Course 12/unit4-evaluation-optimization/examples/comparing_results_with_baseline_or_standard_models.ipynb... ✗ (0.5s)
     Error: An error occurred while executing the following cell: ------------------ import numpy as np import p...
[795/817] Course 12/unit4-evaluation-optimization/examples/conducting_experiments_and_collecting_performance_metrics.ipynb... ✗ (0.6s)
     Error: An error occurred while executing the following cell: ------------------ import numpy as np import p...
[796/817] Course 12/unit4-evaluation-optimization/examples/iteratively_improving_model_parameters_or_retraining_with_improved_data.ipynb... ✗ (0.7s)
     Error: An error occurred while executing the following cell: ------------------ import numpy as np import p...
[797/817] Course 12/unit4-evaluation-optimization/examples/visualizing_results_using_graphs_confusion_matrices_or_heat_maps.ipynb... ✗ (0.5s)
     Error: An error occurred while executing the following cell: ------------------ import numpy as np import p...
[798/817] Course 12/unit5-documentation-presentation/examples/01_project_documentation_presentation.ipynb... ✓ (0.6s)
[799/817] Course 12/unit5-documentation-presentation/examples/04_writing_final_project_report.ipynb... ✓ (0.6s)
[800/817] SOLUTIONS_ALL/Course 04/unit1-data-processing/solutions/exercise_01_solution.ipynb... ✗ (0.8s)
     Error: An error occurred while executing the following cell: ------------------ import pandas as pdimport n...
[801/817] SOLUTIONS_ALL/Course 04/unit1-data-processing/solutions/exercise_02_solution.ipynb... ✗ (0.7s)
     Error: An error occurred while executing the following cell: ------------------ import pandas as pdimport n...
[802/817] SOLUTIONS_ALL/Course 04/unit2-regression/solutions/exercise_01_solution.ipynb... ✗ (0.6s)
     Error: An error occurred while executing the following cell: ------------------ import pandas as pdimport n...
[803/817] SOLUTIONS_ALL/Course 04/unit3-classification/solutions/exercise_01_solution.ipynb... ✓ (2.1s)
[804/817] SOLUTIONS_ALL/Course 04/unit4-clustering/solutions/exercise_01_solution.ipynb... ✗ (0.0s)
     Error: The notebook is invalid and is missing an expected key: metadata...
[805/817] SOLUTIONS_ALL/Course 04/unit5-model-selection/solutions/exercise_01_solution.ipynb... ✗ (0.0s)
     Error: The notebook is invalid and is missing an expected key: metadata...
[806/817] SOLUTIONS_ALL/Course 06/unit1-ethics-foundations/solutions/exercise_01_solution.ipynb... ✗ (0.6s)
     Error: An error occurred while executing the following cell: ------------------ """ Unit 1: Foundations of ...
[807/817] SOLUTIONS_ALL/Course 06/unit2-bias-justice/solutions/exercise_02_solution.ipynb... ✗ (0.7s)
     Error: An error occurred while executing the following cell: ------------------ """ Unit 2: Bias, Justice, ...
[808/817] SOLUTIONS_ALL/Course 06/unit3-privacy-security/solutions/exercise_01_solution.ipynb... ✓ (0.8s)
[809/817] SOLUTIONS_ALL/Course 06/unit4-transparency-accountability/solutions/exercise_01_solution.ipynb... ✓ (1.7s)
[810/817] SOLUTIONS_ALL/Course 06/unit5-governance-regulations/solutions/exercise_01_solution.ipynb... ✓ (0.6s)
[811/817] SOLUTIONS_ALL/Course03/modules/module_01/exercises/solutions/solution_01.ipynb... ✗ (0.7s)
     Error: An error occurred while executing the following cell: ------------------ import numpy as npdef creat...
[812/817] SOLUTIONS_ALL/Course03/modules/module_01/exercises/solutions/solution_02.ipynb... ✗ (0.8s)
     Error: An error occurred while executing the following cell: ------------------ import numpy as npdef compu...
[813/817] SOLUTIONS_ALL/Course03/modules/module_02/exercises/solutions/solution_01.ipynb... ✗ (0.9s)
     Error: An error occurred while executing the following cell: ------------------ import numpy as npfrom scip...
[814/817] SOLUTIONS_ALL/Course03/modules/module_02/exercises/solutions/solution_02.ipynb... ✗ (0.5s)
     Error: An error occurred while executing the following cell: ------------------ import numpy as npdef gradi...
[815/817] SOLUTIONS_ALL/Course03/modules/module_03/exercises/solutions/solution_01.ipynb... ✗ (0.6s)
     Error: An error occurred while executing the following cell: ------------------ import numpy as npclass Sim...
[816/817] SOLUTIONS_ALL/Course03/modules/module_04/exercises/solutions/solution_01.ipynb... ✗ (0.7s)
     Error: An error occurred while executing the following cell: ------------------ import numpy as npdef compu...
[817/817] SOLUTIONS_ALL/Course03/modules/module_05/exercises/solutions/solution_01.ipynb... ✗ (0.7s)
     Error: An error occurred while executing the following cell: ------------------ import numpy as npfrom scip...

3. Saving reports...
   ✓ Saved JSON report: /Users/abdullah/Downloads/AI Diploma/artifacts/notebook_execution_report.json
Traceback (most recent call last):
  File "/Users/abdullah/Downloads/AI Diploma/tools/notebook_runner.py", line 314, in <module>
    main()
    ~~~~^^
  File "/Users/abdullah/Downloads/AI Diploma/tools/notebook_runner.py", line 273, in main
    by_course[course][result["status"] + "d"] += 1
    ~~~~~~~~~~~~~~~~~^^^^^^^^^^^^^^^^^^^^^^^^
KeyError: 'passedd'
